mode: atomic
github.com/orb-community/orb/sinker/otel/kafkafanoutexporter/internal/awsmsk/iam_scram_client.go:84.81,90.2 1 1
github.com/orb-community/orb/sinker/otel/kafkafanoutexporter/internal/awsmsk/iam_scram_client.go:92.68,93.26 1 1
github.com/orb-community/orb/sinker/otel/kafkafanoutexporter/internal/awsmsk/iam_scram_client.go:93.26,95.3 1 0
github.com/orb-community/orb/sinker/otel/kafkafanoutexporter/internal/awsmsk/iam_scram_client.go:97.2,97.21 1 1
github.com/orb-community/orb/sinker/otel/kafkafanoutexporter/internal/awsmsk/iam_scram_client.go:97.21,99.3 1 0
github.com/orb-community/orb/sinker/otel/kafkafanoutexporter/internal/awsmsk/iam_scram_client.go:101.2,101.24 1 1
github.com/orb-community/orb/sinker/otel/kafkafanoutexporter/internal/awsmsk/iam_scram_client.go:101.24,103.3 1 0
github.com/orb-community/orb/sinker/otel/kafkafanoutexporter/internal/awsmsk/iam_scram_client.go:105.2,122.12 5 1
github.com/orb-community/orb/sinker/otel/kafkafanoutexporter/internal/awsmsk/iam_scram_client.go:125.65,128.18 2 7
github.com/orb-community/orb/sinker/otel/kafkafanoutexporter/internal/awsmsk/iam_scram_client.go:129.19,130.22 1 1
github.com/orb-community/orb/sinker/otel/kafkafanoutexporter/internal/awsmsk/iam_scram_client.go:130.22,133.4 2 0
github.com/orb-community/orb/sinker/otel/kafkafanoutexporter/internal/awsmsk/iam_scram_client.go:134.3,135.17 2 1
github.com/orb-community/orb/sinker/otel/kafkafanoutexporter/internal/awsmsk/iam_scram_client.go:135.17,138.4 2 0
github.com/orb-community/orb/sinker/otel/kafkafanoutexporter/internal/awsmsk/iam_scram_client.go:139.3,140.28 2 1
github.com/orb-community/orb/sinker/otel/kafkafanoutexporter/internal/awsmsk/iam_scram_client.go:141.22,142.22 1 5
github.com/orb-community/orb/sinker/otel/kafkafanoutexporter/internal/awsmsk/iam_scram_client.go:142.22,145.4 2 1
github.com/orb-community/orb/sinker/otel/kafkafanoutexporter/internal/awsmsk/iam_scram_client.go:147.3,148.85 2 4
github.com/orb-community/orb/sinker/otel/kafkafanoutexporter/internal/awsmsk/iam_scram_client.go:148.85,151.4 2 0
github.com/orb-community/orb/sinker/otel/kafkafanoutexporter/internal/awsmsk/iam_scram_client.go:153.3,153.39 1 4
github.com/orb-community/orb/sinker/otel/kafkafanoutexporter/internal/awsmsk/iam_scram_client.go:153.39,156.4 2 2
github.com/orb-community/orb/sinker/otel/kafkafanoutexporter/internal/awsmsk/iam_scram_client.go:158.3,158.22 1 2
github.com/orb-community/orb/sinker/otel/kafkafanoutexporter/internal/awsmsk/iam_scram_client.go:159.10,160.74 1 1
github.com/orb-community/orb/sinker/otel/kafkafanoutexporter/internal/awsmsk/iam_scram_client.go:163.2,163.18 1 3
github.com/orb-community/orb/sinker/otel/kafkafanoutexporter/internal/awsmsk/iam_scram_client.go:166.38,166.69 1 5
github.com/orb-community/orb/sinker/otel/kafkafanoutexporter/internal/awsmsk/iam_scram_client.go:168.59,174.16 4 1
github.com/orb-community/orb/sinker/otel/kafkafanoutexporter/internal/awsmsk/iam_scram_client.go:174.16,176.3 1 0
github.com/orb-community/orb/sinker/otel/kafkafanoutexporter/internal/awsmsk/iam_scram_client.go:179.2,192.4 2 1
github.com/orb-community/orb/sinker/backend/pktvisor/pktvisor.go:46.149,48.27 1 95
github.com/orb-community/orb/sinker/backend/pktvisor/pktvisor.go:48.27,51.3 2 0
github.com/orb-community/orb/sinker/backend/pktvisor/pktvisor.go:53.2,55.16 3 95
github.com/orb-community/orb/sinker/backend/pktvisor/pktvisor.go:55.16,58.3 2 0
github.com/orb-community/orb/sinker/backend/pktvisor/pktvisor.go:60.2,61.36 2 95
github.com/orb-community/orb/sinker/backend/pktvisor/pktvisor.go:61.36,63.3 1 4
github.com/orb-community/orb/sinker/backend/pktvisor/pktvisor.go:64.2,64.34 1 95
github.com/orb-community/orb/sinker/backend/pktvisor/pktvisor.go:64.34,66.3 1 2
github.com/orb-community/orb/sinker/backend/pktvisor/pktvisor.go:68.2,84.49 3 95
github.com/orb-community/orb/sinker/backend/pktvisor/pktvisor.go:84.49,85.42 1 95
github.com/orb-community/orb/sinker/backend/pktvisor/pktvisor.go:85.42,88.18 3 3
github.com/orb-community/orb/sinker/backend/pktvisor/pktvisor.go:88.18,90.13 2 0
github.com/orb-community/orb/sinker/backend/pktvisor/pktvisor.go:92.4,92.30 1 3
github.com/orb-community/orb/sinker/backend/pktvisor/pktvisor.go:93.9,93.48 1 92
github.com/orb-community/orb/sinker/backend/pktvisor/pktvisor.go:93.48,96.18 3 32
github.com/orb-community/orb/sinker/backend/pktvisor/pktvisor.go:96.18,98.13 2 0
github.com/orb-community/orb/sinker/backend/pktvisor/pktvisor.go:100.4,100.30 1 32
github.com/orb-community/orb/sinker/backend/pktvisor/pktvisor.go:101.9,101.52 1 60
github.com/orb-community/orb/sinker/backend/pktvisor/pktvisor.go:101.52,104.18 3 23
github.com/orb-community/orb/sinker/backend/pktvisor/pktvisor.go:104.18,106.13 2 0
github.com/orb-community/orb/sinker/backend/pktvisor/pktvisor.go:108.4,108.30 1 23
github.com/orb-community/orb/sinker/backend/pktvisor/pktvisor.go:109.9,109.49 1 37
github.com/orb-community/orb/sinker/backend/pktvisor/pktvisor.go:109.49,112.18 3 9
github.com/orb-community/orb/sinker/backend/pktvisor/pktvisor.go:112.18,114.13 2 0
github.com/orb-community/orb/sinker/backend/pktvisor/pktvisor.go:116.4,116.30 1 9
github.com/orb-community/orb/sinker/backend/pktvisor/pktvisor.go:117.9,117.49 1 28
github.com/orb-community/orb/sinker/backend/pktvisor/pktvisor.go:117.49,120.18 3 28
github.com/orb-community/orb/sinker/backend/pktvisor/pktvisor.go:120.18,122.13 2 0
github.com/orb-community/orb/sinker/backend/pktvisor/pktvisor.go:124.4,124.30 1 28
github.com/orb-community/orb/sinker/backend/pktvisor/pktvisor.go:127.2,127.43 1 95
github.com/orb-community/orb/sinker/backend/pktvisor/pktvisor.go:130.92,132.44 2 95
github.com/orb-community/orb/sinker/backend/pktvisor/pktvisor.go:132.44,136.24 4 95
github.com/orb-community/orb/sinker/backend/pktvisor/pktvisor.go:136.24,138.4 1 28
github.com/orb-community/orb/sinker/backend/pktvisor/pktvisor.go:138.9,140.4 1 67
github.com/orb-community/orb/sinker/backend/pktvisor/pktvisor.go:141.3,141.39 1 95
github.com/orb-community/orb/sinker/backend/pktvisor/pktvisor.go:143.2,143.16 1 95
github.com/orb-community/orb/sinker/backend/pktvisor/pktvisor.go:146.124,147.35 1 926
github.com/orb-community/orb/sinker/backend/pktvisor/pktvisor.go:147.35,148.36 1 4373
github.com/orb-community/orb/sinker/backend/pktvisor/pktvisor.go:149.31,152.61 1 859
github.com/orb-community/orb/sinker/backend/pktvisor/pktvisor.go:155.14,156.4 1 2546
github.com/orb-community/orb/sinker/backend/pktvisor/pktvisor.go:156.4,159.54 2 2546
github.com/orb-community/orb/sinker/backend/pktvisor/pktvisor.go:159.54,162.6 1 1320
github.com/orb-community/orb/sinker/backend/pktvisor/pktvisor.go:162.11,164.6 1 1226
github.com/orb-community/orb/sinker/backend/pktvisor/pktvisor.go:168.16,169.4 1 128
github.com/orb-community/orb/sinker/backend/pktvisor/pktvisor.go:169.4,172.54 2 128
github.com/orb-community/orb/sinker/backend/pktvisor/pktvisor.go:172.54,175.6 1 128
github.com/orb-community/orb/sinker/backend/pktvisor/pktvisor.go:175.11,177.6 1 0
github.com/orb-community/orb/sinker/backend/pktvisor/pktvisor.go:182.22,183.4 1 572
github.com/orb-community/orb/sinker/backend/pktvisor/pktvisor.go:183.4,184.37 1 572
github.com/orb-community/orb/sinker/backend/pktvisor/pktvisor.go:184.37,186.13 2 19
github.com/orb-community/orb/sinker/backend/pktvisor/pktvisor.go:186.13,188.7 1 0
github.com/orb-community/orb/sinker/backend/pktvisor/pktvisor.go:189.6,191.26 3 19
github.com/orb-community/orb/sinker/backend/pktvisor/pktvisor.go:191.26,192.16 1 38
github.com/orb-community/orb/sinker/backend/pktvisor/pktvisor.go:193.19,194.8 1 19
github.com/orb-community/orb/sinker/backend/pktvisor/pktvisor.go:194.8,196.9 1 19
github.com/orb-community/orb/sinker/backend/pktvisor/pktvisor.go:197.23,198.8 1 19
github.com/orb-community/orb/sinker/backend/pktvisor/pktvisor.go:198.8,200.9 1 19
github.com/orb-community/orb/sinker/backend/pktvisor/pktvisor.go:203.6,203.94 1 19
github.com/orb-community/orb/sinker/backend/pktvisor/pktvisor.go:210.128,211.35 1 212
github.com/orb-community/orb/sinker/backend/pktvisor/pktvisor.go:211.35,212.36 1 1871
github.com/orb-community/orb/sinker/backend/pktvisor/pktvisor.go:213.31,217.30 1 184
github.com/orb-community/orb/sinker/backend/pktvisor/pktvisor.go:217.30,219.32 2 27
github.com/orb-community/orb/sinker/backend/pktvisor/pktvisor.go:219.32,221.6 1 27
github.com/orb-community/orb/sinker/backend/pktvisor/pktvisor.go:222.5,224.62 3 27
github.com/orb-community/orb/sinker/backend/pktvisor/pktvisor.go:225.10,225.40 1 157
github.com/orb-community/orb/sinker/backend/pktvisor/pktvisor.go:225.40,227.32 2 22
github.com/orb-community/orb/sinker/backend/pktvisor/pktvisor.go:227.32,229.6 1 23
github.com/orb-community/orb/sinker/backend/pktvisor/pktvisor.go:230.5,231.62 2 22
github.com/orb-community/orb/sinker/backend/pktvisor/pktvisor.go:232.10,232.52 1 135
github.com/orb-community/orb/sinker/backend/pktvisor/pktvisor.go:232.52,235.5 2 0
github.com/orb-community/orb/sinker/backend/pktvisor/pktvisor.go:235.10,235.48 1 135
github.com/orb-community/orb/sinker/backend/pktvisor/pktvisor.go:235.48,238.5 2 1
github.com/orb-community/orb/sinker/backend/pktvisor/pktvisor.go:238.10,240.5 1 134
github.com/orb-community/orb/sinker/backend/pktvisor/pktvisor.go:244.14,245.4 1 777
github.com/orb-community/orb/sinker/backend/pktvisor/pktvisor.go:245.4,248.54 2 777
github.com/orb-community/orb/sinker/backend/pktvisor/pktvisor.go:248.54,251.6 1 0
github.com/orb-community/orb/sinker/backend/pktvisor/pktvisor.go:251.11,253.6 1 777
github.com/orb-community/orb/sinker/backend/pktvisor/pktvisor.go:258.22,259.4 1 798
github.com/orb-community/orb/sinker/backend/pktvisor/pktvisor.go:259.4,260.37 1 798
github.com/orb-community/orb/sinker/backend/pktvisor/pktvisor.go:260.37,262.13 2 16
github.com/orb-community/orb/sinker/backend/pktvisor/pktvisor.go:262.13,264.7 1 0
github.com/orb-community/orb/sinker/backend/pktvisor/pktvisor.go:265.6,267.26 3 16
github.com/orb-community/orb/sinker/backend/pktvisor/pktvisor.go:267.26,268.16 1 32
github.com/orb-community/orb/sinker/backend/pktvisor/pktvisor.go:269.19,270.8 1 16
github.com/orb-community/orb/sinker/backend/pktvisor/pktvisor.go:270.8,272.9 1 16
github.com/orb-community/orb/sinker/backend/pktvisor/pktvisor.go:273.23,274.8 1 16
github.com/orb-community/orb/sinker/backend/pktvisor/pktvisor.go:274.8,276.9 1 16
github.com/orb-community/orb/sinker/backend/pktvisor/pktvisor.go:279.6,279.94 1 16
github.com/orb-community/orb/sinker/backend/pktvisor/pktvisor.go:286.158,295.92 8 3486
github.com/orb-community/orb/sinker/backend/pktvisor/pktvisor.go:295.92,298.3 2 0
github.com/orb-community/orb/sinker/backend/pktvisor/pktvisor.go:299.2,299.79 1 3486
github.com/orb-community/orb/sinker/backend/pktvisor/pktvisor.go:299.79,302.3 2 0
github.com/orb-community/orb/sinker/backend/pktvisor/pktvisor.go:303.2,303.67 1 3486
github.com/orb-community/orb/sinker/backend/pktvisor/pktvisor.go:303.67,306.3 2 0
github.com/orb-community/orb/sinker/backend/pktvisor/pktvisor.go:307.2,307.71 1 3486
github.com/orb-community/orb/sinker/backend/pktvisor/pktvisor.go:307.71,310.3 2 0
github.com/orb-community/orb/sinker/backend/pktvisor/pktvisor.go:311.2,311.76 1 3486
github.com/orb-community/orb/sinker/backend/pktvisor/pktvisor.go:311.76,314.3 2 0
github.com/orb-community/orb/sinker/backend/pktvisor/pktvisor.go:315.2,315.73 1 3486
github.com/orb-community/orb/sinker/backend/pktvisor/pktvisor.go:315.73,318.3 2 0
github.com/orb-community/orb/sinker/backend/pktvisor/pktvisor.go:319.2,319.72 1 3486
github.com/orb-community/orb/sinker/backend/pktvisor/pktvisor.go:319.72,322.3 2 0
github.com/orb-community/orb/sinker/backend/pktvisor/pktvisor.go:323.2,323.75 1 3486
github.com/orb-community/orb/sinker/backend/pktvisor/pktvisor.go:323.75,326.3 2 0
github.com/orb-community/orb/sinker/backend/pktvisor/pktvisor.go:327.2,327.25 1 3486
github.com/orb-community/orb/sinker/backend/pktvisor/pktvisor.go:327.25,328.71 1 781
github.com/orb-community/orb/sinker/backend/pktvisor/pktvisor.go:328.71,332.4 3 0
github.com/orb-community/orb/sinker/backend/pktvisor/pktvisor.go:334.2,334.25 1 3486
github.com/orb-community/orb/sinker/backend/pktvisor/pktvisor.go:334.25,335.81 1 744
github.com/orb-community/orb/sinker/backend/pktvisor/pktvisor.go:335.81,339.4 3 0
github.com/orb-community/orb/sinker/backend/pktvisor/pktvisor.go:342.2,342.30 1 3486
github.com/orb-community/orb/sinker/backend/pktvisor/pktvisor.go:342.30,343.57 1 250
github.com/orb-community/orb/sinker/backend/pktvisor/pktvisor.go:343.57,346.4 2 0
github.com/orb-community/orb/sinker/backend/pktvisor/pktvisor.go:349.2,349.13 1 3486
github.com/orb-community/orb/sinker/backend/pktvisor/pktvisor.go:349.13,350.15 1 1483
github.com/orb-community/orb/sinker/backend/pktvisor/pktvisor.go:350.15,351.40 1 1448
github.com/orb-community/orb/sinker/backend/pktvisor/pktvisor.go:351.40,352.81 1 1448
github.com/orb-community/orb/sinker/backend/pktvisor/pktvisor.go:352.81,355.6 2 0
github.com/orb-community/orb/sinker/backend/pktvisor/pktvisor.go:357.9,359.18 2 35
github.com/orb-community/orb/sinker/backend/pktvisor/pktvisor.go:359.18,362.5 2 0
github.com/orb-community/orb/sinker/backend/pktvisor/pktvisor.go:363.4,363.82 1 35
github.com/orb-community/orb/sinker/backend/pktvisor/pktvisor.go:363.82,366.5 2 0
github.com/orb-community/orb/sinker/backend/pktvisor/pktvisor.go:369.2,369.61 1 3486
github.com/orb-community/orb/sinker/backend/pktvisor/pktvisor.go:369.61,370.62 1 128
github.com/orb-community/orb/sinker/backend/pktvisor/pktvisor.go:370.62,373.4 2 0
github.com/orb-community/orb/sinker/backend/pktvisor/pktvisor.go:375.2,380.15 3 3486
github.com/orb-community/orb/sinker/backend/pktvisor/pktvisor.go:383.59,385.2 1 0
github.com/orb-community/orb/sinker/backend/pktvisor/pktvisor.go:387.36,396.18 6 3486
github.com/orb-community/orb/sinker/backend/pktvisor/pktvisor.go:396.18,398.26 2 5
github.com/orb-community/orb/sinker/backend/pktvisor/pktvisor.go:398.26,400.4 1 4
github.com/orb-community/orb/sinker/backend/pktvisor/pktvisor.go:401.3,401.13 1 5
github.com/orb-community/orb/sinker/backend/pktvisor/pktvisor.go:404.2,407.26 4 3486
github.com/orb-community/orb/sinker/backend/pktvisor/pktvisor.go:410.54,464.41 54 35
github.com/orb-community/orb/sinker/backend/pktvisor/pktvisor.go:464.41,466.3 1 35
github.com/orb-community/orb/sinker/backend/pktvisor/pktvisor.go:466.8,468.3 1 0
github.com/orb-community/orb/sinker/backend/pktvisor/pktvisor.go:471.40,474.2 2 18
github.com/orb-community/orb/sinker/backend/pktvisor/promwrapper.go:21.37,23.43 2 0
github.com/orb-community/orb/sinker/backend/pktvisor/promwrapper.go:23.43,25.3 1 0
github.com/orb-community/orb/sinker/backend/pktvisor/promwrapper.go:26.2,26.34 1 0
github.com/orb-community/orb/sinker/backend/pktvisor/promwrapper.go:29.45,32.25 2 31146
github.com/orb-community/orb/sinker/backend/pktvisor/promwrapper.go:32.25,34.3 1 0
github.com/orb-community/orb/sinker/backend/pktvisor/promwrapper.go:36.2,43.12 3 31146
github.com/orb-community/orb/sinker/backend/pktvisor/promwrapper.go:46.38,48.33 2 0
github.com/orb-community/orb/sinker/backend/pktvisor/promwrapper.go:48.33,50.3 1 0
github.com/orb-community/orb/sinker/backend/pktvisor/promwrapper.go:51.2,51.35 1 0
github.com/orb-community/orb/sinker/backend/pktvisor/promwrapper.go:54.46,56.22 2 0
github.com/orb-community/orb/sinker/backend/pktvisor/promwrapper.go:56.22,58.3 1 0
github.com/orb-community/orb/sinker/backend/pktvisor/promwrapper.go:60.2,65.12 2 0
github.com/orb-community/orb/sinker/backend/pktvisor/promwrapper.go:68.30,70.2 1 0
github.com/orb-community/orb/sinker/backend/pktvisor/promwrapper.go:72.38,74.18 2 3614
github.com/orb-community/orb/sinker/backend/pktvisor/promwrapper.go:74.18,76.3 1 0
github.com/orb-community/orb/sinker/backend/pktvisor/promwrapper.go:78.2,79.37 2 3614
github.com/orb-community/orb/sinker/backend/pktvisor/promwrapper.go:79.37,81.3 1 3614
github.com/orb-community/orb/sinker/backend/pktvisor/promwrapper.go:81.8,83.17 2 0
github.com/orb-community/orb/sinker/backend/pktvisor/promwrapper.go:83.17,85.4 1 0
github.com/orb-community/orb/sinker/backend/pktvisor/promwrapper.go:86.3,86.30 1 0
github.com/orb-community/orb/sinker/backend/pktvisor/promwrapper.go:89.2,90.16 2 3614
github.com/orb-community/orb/sinker/backend/pktvisor/promwrapper.go:90.16,92.3 1 128
github.com/orb-community/orb/sinker/backend/pktvisor/promwrapper.go:94.2,97.12 3 3486
github.com/orb-community/orb/sinker/otel/kafkafanoutexporter/authentication.go:75.88,76.29 1 23
github.com/orb-community/orb/sinker/otel/kafkafanoutexporter/authentication.go:76.29,78.3 1 1
github.com/orb-community/orb/sinker/otel/kafkafanoutexporter/authentication.go:79.2,79.23 1 23
github.com/orb-community/orb/sinker/otel/kafkafanoutexporter/authentication.go:79.23,80.65 1 2
github.com/orb-community/orb/sinker/otel/kafkafanoutexporter/authentication.go:80.65,82.4 1 1
github.com/orb-community/orb/sinker/otel/kafkafanoutexporter/authentication.go:84.2,84.24 1 22
github.com/orb-community/orb/sinker/otel/kafkafanoutexporter/authentication.go:84.24,85.67 1 6
github.com/orb-community/orb/sinker/otel/kafkafanoutexporter/authentication.go:85.67,87.4 1 3
github.com/orb-community/orb/sinker/otel/kafkafanoutexporter/authentication.go:90.2,90.28 1 19
github.com/orb-community/orb/sinker/otel/kafkafanoutexporter/authentication.go:90.28,92.3 1 2
github.com/orb-community/orb/sinker/otel/kafkafanoutexporter/authentication.go:93.2,93.12 1 19
github.com/orb-community/orb/sinker/otel/kafkafanoutexporter/authentication.go:96.78,100.2 3 1
github.com/orb-community/orb/sinker/otel/kafkafanoutexporter/authentication.go:102.74,104.27 1 6
github.com/orb-community/orb/sinker/otel/kafkafanoutexporter/authentication.go:104.27,106.3 1 1
github.com/orb-community/orb/sinker/otel/kafkafanoutexporter/authentication.go:108.2,108.27 1 5
github.com/orb-community/orb/sinker/otel/kafkafanoutexporter/authentication.go:108.27,110.3 1 1
github.com/orb-community/orb/sinker/otel/kafkafanoutexporter/authentication.go:112.2,116.26 4 4
github.com/orb-community/orb/sinker/otel/kafkafanoutexporter/authentication.go:117.23,118.78 1 1
github.com/orb-community/orb/sinker/otel/kafkafanoutexporter/authentication.go:118.78,118.134 1 0
github.com/orb-community/orb/sinker/otel/kafkafanoutexporter/authentication.go:119.3,119.63 1 1
github.com/orb-community/orb/sinker/otel/kafkafanoutexporter/authentication.go:120.23,121.78 1 1
github.com/orb-community/orb/sinker/otel/kafkafanoutexporter/authentication.go:121.78,121.134 1 0
github.com/orb-community/orb/sinker/otel/kafkafanoutexporter/authentication.go:122.3,122.63 1 1
github.com/orb-community/orb/sinker/otel/kafkafanoutexporter/authentication.go:123.15,124.61 1 1
github.com/orb-community/orb/sinker/otel/kafkafanoutexporter/authentication.go:125.21,126.78 1 0
github.com/orb-community/orb/sinker/otel/kafkafanoutexporter/authentication.go:126.78,128.4 1 0
github.com/orb-community/orb/sinker/otel/kafkafanoutexporter/authentication.go:129.3,129.53 1 0
github.com/orb-community/orb/sinker/otel/kafkafanoutexporter/authentication.go:130.10,131.141 1 1
github.com/orb-community/orb/sinker/otel/kafkafanoutexporter/authentication.go:134.2,134.12 1 3
github.com/orb-community/orb/sinker/otel/kafkafanoutexporter/authentication.go:137.89,139.16 2 2
github.com/orb-community/orb/sinker/otel/kafkafanoutexporter/authentication.go:139.16,141.3 1 1
github.com/orb-community/orb/sinker/otel/kafkafanoutexporter/authentication.go:142.2,144.12 3 1
github.com/orb-community/orb/sinker/otel/kafkafanoutexporter/authentication.go:147.76,150.22 3 2
github.com/orb-community/orb/sinker/otel/kafkafanoutexporter/authentication.go:150.22,153.3 2 1
github.com/orb-community/orb/sinker/otel/kafkafanoutexporter/authentication.go:153.8,156.3 2 1
github.com/orb-community/orb/sinker/otel/kafkafanoutexporter/authentication.go:157.2,160.63 4 2
github.com/orb-community/orb/sinker/otel/kafkafanoutexporter/config.go:104.37,105.69 1 1
github.com/orb-community/orb/sinker/otel/kafkafanoutexporter/config.go:105.69,107.3 1 0
github.com/orb-community/orb/sinker/otel/kafkafanoutexporter/config.go:109.2,110.16 2 1
github.com/orb-community/orb/sinker/otel/kafkafanoutexporter/config.go:110.16,112.3 1 1
github.com/orb-community/orb/sinker/otel/kafkafanoutexporter/config.go:114.2,114.12 1 0
github.com/orb-community/orb/sinker/otel/kafkafanoutexporter/config.go:117.90,118.21 1 19
github.com/orb-community/orb/sinker/otel/kafkafanoutexporter/config.go:119.14,120.37 1 13
github.com/orb-community/orb/sinker/otel/kafkafanoutexporter/config.go:121.14,122.37 1 1
github.com/orb-community/orb/sinker/otel/kafkafanoutexporter/config.go:123.16,124.39 1 1
github.com/orb-community/orb/sinker/otel/kafkafanoutexporter/config.go:125.13,126.36 1 1
github.com/orb-community/orb/sinker/otel/kafkafanoutexporter/config.go:127.14,128.37 1 1
github.com/orb-community/orb/sinker/otel/kafkafanoutexporter/config.go:129.10,130.162 1 2
github.com/orb-community/orb/sinker/otel/kafkafanoutexporter/factory.go:57.78,58.45 1 4
github.com/orb-community/orb/sinker/otel/kafkafanoutexporter/factory.go:58.45,59.46 1 4
github.com/orb-community/orb/sinker/otel/kafkafanoutexporter/factory.go:59.46,61.4 1 1
github.com/orb-community/orb/sinker/otel/kafkafanoutexporter/factory.go:66.80,67.45 1 4
github.com/orb-community/orb/sinker/otel/kafkafanoutexporter/factory.go:67.45,68.46 1 4
github.com/orb-community/orb/sinker/otel/kafkafanoutexporter/factory.go:68.46,70.4 1 1
github.com/orb-community/orb/sinker/otel/kafkafanoutexporter/factory.go:75.72,76.45 1 4
github.com/orb-community/orb/sinker/otel/kafkafanoutexporter/factory.go:76.45,77.44 1 4
github.com/orb-community/orb/sinker/otel/kafkafanoutexporter/factory.go:77.44,79.4 1 1
github.com/orb-community/orb/sinker/otel/kafkafanoutexporter/factory.go:84.60,90.28 2 12
github.com/orb-community/orb/sinker/otel/kafkafanoutexporter/factory.go:90.28,92.3 1 12
github.com/orb-community/orb/sinker/otel/kafkafanoutexporter/factory.go:93.2,99.3 1 12
github.com/orb-community/orb/sinker/otel/kafkafanoutexporter/factory.go:102.45,125.2 1 13
github.com/orb-community/orb/sinker/otel/kafkafanoutexporter/factory.go:137.28,139.22 2 4
github.com/orb-community/orb/sinker/otel/kafkafanoutexporter/factory.go:139.22,141.3 1 4
github.com/orb-community/orb/sinker/otel/kafkafanoutexporter/factory.go:142.2,142.34 1 4
github.com/orb-community/orb/sinker/otel/kafkafanoutexporter/factory.go:142.34,144.3 1 0
github.com/orb-community/orb/sinker/otel/kafkafanoutexporter/factory.go:145.2,146.16 2 4
github.com/orb-community/orb/sinker/otel/kafkafanoutexporter/factory.go:146.16,148.3 1 1
github.com/orb-community/orb/sinker/otel/kafkafanoutexporter/factory.go:149.2,160.42 1 3
github.com/orb-community/orb/sinker/otel/kafkafanoutexporter/factory.go:167.29,169.22 2 4
github.com/orb-community/orb/sinker/otel/kafkafanoutexporter/factory.go:169.22,171.3 1 4
github.com/orb-community/orb/sinker/otel/kafkafanoutexporter/factory.go:172.2,172.34 1 4
github.com/orb-community/orb/sinker/otel/kafkafanoutexporter/factory.go:172.34,174.3 1 0
github.com/orb-community/orb/sinker/otel/kafkafanoutexporter/factory.go:175.2,176.16 2 4
github.com/orb-community/orb/sinker/otel/kafkafanoutexporter/factory.go:176.16,178.3 1 1
github.com/orb-community/orb/sinker/otel/kafkafanoutexporter/factory.go:179.2,190.42 1 3
github.com/orb-community/orb/sinker/otel/kafkafanoutexporter/factory.go:197.26,199.22 2 4
github.com/orb-community/orb/sinker/otel/kafkafanoutexporter/factory.go:199.22,201.3 1 4
github.com/orb-community/orb/sinker/otel/kafkafanoutexporter/factory.go:202.2,202.34 1 4
github.com/orb-community/orb/sinker/otel/kafkafanoutexporter/factory.go:202.34,204.3 1 0
github.com/orb-community/orb/sinker/otel/kafkafanoutexporter/factory.go:205.2,206.16 2 4
github.com/orb-community/orb/sinker/otel/kafkafanoutexporter/factory.go:206.16,208.3 1 1
github.com/orb-community/orb/sinker/otel/kafkafanoutexporter/factory.go:209.2,220.42 1 3
github.com/orb-community/orb/sinker/otel/kafkafanoutexporter/jaeger_marshaler.go:35.105,37.16 2 2
github.com/orb-community/orb/sinker/otel/kafkafanoutexporter/jaeger_marshaler.go:37.16,39.3 1 0
github.com/orb-community/orb/sinker/otel/kafkafanoutexporter/jaeger_marshaler.go:40.2,43.32 3 2
github.com/orb-community/orb/sinker/otel/kafkafanoutexporter/jaeger_marshaler.go:43.32,44.36 1 2
github.com/orb-community/orb/sinker/otel/kafkafanoutexporter/jaeger_marshaler.go:44.36,48.18 3 2
github.com/orb-community/orb/sinker/otel/kafkafanoutexporter/jaeger_marshaler.go:48.18,50.13 2 0
github.com/orb-community/orb/sinker/otel/kafkafanoutexporter/jaeger_marshaler.go:52.4,57.6 2 2
github.com/orb-community/orb/sinker/otel/kafkafanoutexporter/jaeger_marshaler.go:60.2,60.23 1 2
github.com/orb-community/orb/sinker/otel/kafkafanoutexporter/jaeger_marshaler.go:63.44,65.2 1 30
github.com/orb-community/orb/sinker/otel/kafkafanoutexporter/jaeger_marshaler.go:77.83,79.2 1 1
github.com/orb-community/orb/sinker/otel/kafkafanoutexporter/jaeger_marshaler.go:81.53,83.2 1 15
github.com/orb-community/orb/sinker/otel/kafkafanoutexporter/jaeger_marshaler.go:91.56,95.2 1 14
github.com/orb-community/orb/sinker/otel/kafkafanoutexporter/jaeger_marshaler.go:97.82,101.2 3 1
github.com/orb-community/orb/sinker/otel/kafkafanoutexporter/jaeger_marshaler.go:103.52,105.2 1 15
github.com/orb-community/orb/sinker/otel/kafkafanoutexporter/kafka_exporter.go:46.38,48.2 1 0
github.com/orb-community/orb/sinker/otel/kafkafanoutexporter/kafka_exporter.go:50.89,55.16 5 0
github.com/orb-community/orb/sinker/otel/kafkafanoutexporter/kafka_exporter.go:55.16,57.3 1 0
github.com/orb-community/orb/sinker/otel/kafkafanoutexporter/kafka_exporter.go:58.2,59.16 2 0
github.com/orb-community/orb/sinker/otel/kafkafanoutexporter/kafka_exporter.go:59.16,61.31 2 0
github.com/orb-community/orb/sinker/otel/kafkafanoutexporter/kafka_exporter.go:61.31,62.24 1 0
github.com/orb-community/orb/sinker/otel/kafkafanoutexporter/kafka_exporter.go:62.24,64.5 1 0
github.com/orb-community/orb/sinker/otel/kafkafanoutexporter/kafka_exporter.go:66.3,66.13 1 0
github.com/orb-community/orb/sinker/otel/kafkafanoutexporter/kafka_exporter.go:68.2,68.12 1 0
github.com/orb-community/orb/sinker/otel/kafkafanoutexporter/kafka_exporter.go:71.60,73.2 1 0
github.com/orb-community/orb/sinker/otel/kafkafanoutexporter/kafka_exporter.go:83.97,88.16 5 0
github.com/orb-community/orb/sinker/otel/kafkafanoutexporter/kafka_exporter.go:88.16,90.3 1 0
github.com/orb-community/orb/sinker/otel/kafkafanoutexporter/kafka_exporter.go:91.2,92.16 2 0
github.com/orb-community/orb/sinker/otel/kafkafanoutexporter/kafka_exporter.go:92.16,94.31 2 0
github.com/orb-community/orb/sinker/otel/kafkafanoutexporter/kafka_exporter.go:94.31,95.24 1 0
github.com/orb-community/orb/sinker/otel/kafkafanoutexporter/kafka_exporter.go:95.24,97.5 1 0
github.com/orb-community/orb/sinker/otel/kafkafanoutexporter/kafka_exporter.go:99.3,99.13 1 0
github.com/orb-community/orb/sinker/otel/kafkafanoutexporter/kafka_exporter.go:101.2,101.12 1 0
github.com/orb-community/orb/sinker/otel/kafkafanoutexporter/kafka_exporter.go:104.61,106.2 1 0
github.com/orb-community/orb/sinker/otel/kafkafanoutexporter/kafka_exporter.go:116.85,121.16 5 0
github.com/orb-community/orb/sinker/otel/kafkafanoutexporter/kafka_exporter.go:121.16,123.3 1 0
github.com/orb-community/orb/sinker/otel/kafkafanoutexporter/kafka_exporter.go:124.2,125.16 2 0
github.com/orb-community/orb/sinker/otel/kafkafanoutexporter/kafka_exporter.go:125.16,127.31 2 0
github.com/orb-community/orb/sinker/otel/kafkafanoutexporter/kafka_exporter.go:127.31,128.24 1 0
github.com/orb-community/orb/sinker/otel/kafkafanoutexporter/kafka_exporter.go:128.24,130.5 1 0
github.com/orb-community/orb/sinker/otel/kafkafanoutexporter/kafka_exporter.go:132.3,132.13 1 0
github.com/orb-community/orb/sinker/otel/kafkafanoutexporter/kafka_exporter.go:134.2,134.12 1 0
github.com/orb-community/orb/sinker/otel/kafkafanoutexporter/kafka_exporter.go:137.58,139.2 1 0
github.com/orb-community/orb/sinker/otel/kafkafanoutexporter/kafka_exporter.go:141.68,155.34 11 12
github.com/orb-community/orb/sinker/otel/kafkafanoutexporter/kafka_exporter.go:155.34,157.17 2 6
github.com/orb-community/orb/sinker/otel/kafkafanoutexporter/kafka_exporter.go:157.17,159.4 1 0
github.com/orb-community/orb/sinker/otel/kafkafanoutexporter/kafka_exporter.go:160.3,160.22 1 6
github.com/orb-community/orb/sinker/otel/kafkafanoutexporter/kafka_exporter.go:163.2,163.74 1 12
github.com/orb-community/orb/sinker/otel/kafkafanoutexporter/kafka_exporter.go:163.74,165.3 1 0
github.com/orb-community/orb/sinker/otel/kafkafanoutexporter/kafka_exporter.go:167.2,168.16 2 12
github.com/orb-community/orb/sinker/otel/kafkafanoutexporter/kafka_exporter.go:168.16,170.3 1 0
github.com/orb-community/orb/sinker/otel/kafkafanoutexporter/kafka_exporter.go:171.2,174.16 3 12
github.com/orb-community/orb/sinker/otel/kafkafanoutexporter/kafka_exporter.go:174.16,176.3 1 3
github.com/orb-community/orb/sinker/otel/kafkafanoutexporter/kafka_exporter.go:177.2,177.22 1 9
github.com/orb-community/orb/sinker/otel/kafkafanoutexporter/kafka_exporter.go:180.140,182.22 2 4
github.com/orb-community/orb/sinker/otel/kafkafanoutexporter/kafka_exporter.go:182.22,184.3 1 0
github.com/orb-community/orb/sinker/otel/kafkafanoutexporter/kafka_exporter.go:185.2,186.16 2 4
github.com/orb-community/orb/sinker/otel/kafkafanoutexporter/kafka_exporter.go:186.16,188.3 1 1
github.com/orb-community/orb/sinker/otel/kafkafanoutexporter/kafka_exporter.go:190.2,195.8 1 3
github.com/orb-community/orb/sinker/otel/kafkafanoutexporter/kafka_exporter.go:200.137,202.22 2 4
github.com/orb-community/orb/sinker/otel/kafkafanoutexporter/kafka_exporter.go:202.22,204.3 1 0
github.com/orb-community/orb/sinker/otel/kafkafanoutexporter/kafka_exporter.go:205.2,206.16 2 4
github.com/orb-community/orb/sinker/otel/kafkafanoutexporter/kafka_exporter.go:206.16,208.3 1 1
github.com/orb-community/orb/sinker/otel/kafkafanoutexporter/kafka_exporter.go:209.2,214.8 1 3
github.com/orb-community/orb/sinker/otel/kafkafanoutexporter/kafka_exporter.go:217.131,219.22 2 4
github.com/orb-community/orb/sinker/otel/kafkafanoutexporter/kafka_exporter.go:219.22,221.3 1 0
github.com/orb-community/orb/sinker/otel/kafkafanoutexporter/kafka_exporter.go:222.2,223.16 2 4
github.com/orb-community/orb/sinker/otel/kafkafanoutexporter/kafka_exporter.go:223.16,225.3 1 1
github.com/orb-community/orb/sinker/otel/kafkafanoutexporter/kafka_exporter.go:227.2,232.8 1 3
github.com/orb-community/orb/sinker/otel/kafkafanoutexporter/marshaler.go:52.52,63.2 5 14
github.com/orb-community/orb/sinker/otel/kafkafanoutexporter/marshaler.go:66.54,73.2 3 13
github.com/orb-community/orb/sinker/otel/kafkafanoutexporter/marshaler.go:76.48,85.2 4 13
github.com/orb-community/orb/sinker/otel/kafkafanoutexporter/pdata_marshaler.go:29.100,31.16 2 0
github.com/orb-community/orb/sinker/otel/kafkafanoutexporter/pdata_marshaler.go:31.16,33.3 1 0
github.com/orb-community/orb/sinker/otel/kafkafanoutexporter/pdata_marshaler.go:34.2,39.8 1 0
github.com/orb-community/orb/sinker/otel/kafkafanoutexporter/pdata_marshaler.go:42.47,44.2 1 26
github.com/orb-community/orb/sinker/otel/kafkafanoutexporter/pdata_marshaler.go:46.85,51.2 1 26
github.com/orb-community/orb/sinker/otel/kafkafanoutexporter/pdata_marshaler.go:58.109,60.16 2 0
github.com/orb-community/orb/sinker/otel/kafkafanoutexporter/pdata_marshaler.go:60.16,62.3 1 0
github.com/orb-community/orb/sinker/otel/kafkafanoutexporter/pdata_marshaler.go:63.2,68.8 1 0
github.com/orb-community/orb/sinker/otel/kafkafanoutexporter/pdata_marshaler.go:71.50,73.2 1 26
github.com/orb-community/orb/sinker/otel/kafkafanoutexporter/pdata_marshaler.go:75.94,80.2 1 26
github.com/orb-community/orb/sinker/otel/kafkafanoutexporter/pdata_marshaler.go:87.106,89.16 2 1
github.com/orb-community/orb/sinker/otel/kafkafanoutexporter/pdata_marshaler.go:89.16,91.3 1 0
github.com/orb-community/orb/sinker/otel/kafkafanoutexporter/pdata_marshaler.go:92.2,97.8 1 1
github.com/orb-community/orb/sinker/otel/kafkafanoutexporter/pdata_marshaler.go:100.49,102.2 1 28
github.com/orb-community/orb/sinker/otel/kafkafanoutexporter/pdata_marshaler.go:104.91,109.2 1 28
github.com/orb-community/orb/sinker/otel/kafkafanoutexporter/raw_marshaler.go:31.37,33.2 1 21
github.com/orb-community/orb/sinker/otel/kafkafanoutexporter/raw_marshaler.go:35.96,37.49 2 8
github.com/orb-community/orb/sinker/otel/kafkafanoutexporter/raw_marshaler.go:37.49,39.45 2 8
github.com/orb-community/orb/sinker/otel/kafkafanoutexporter/raw_marshaler.go:39.45,41.47 2 8
github.com/orb-community/orb/sinker/otel/kafkafanoutexporter/raw_marshaler.go:41.47,44.19 3 8
github.com/orb-community/orb/sinker/otel/kafkafanoutexporter/raw_marshaler.go:44.19,46.6 1 0
github.com/orb-community/orb/sinker/otel/kafkafanoutexporter/raw_marshaler.go:47.5,47.20 1 8
github.com/orb-community/orb/sinker/otel/kafkafanoutexporter/raw_marshaler.go:47.20,48.14 1 1
github.com/orb-community/orb/sinker/otel/kafkafanoutexporter/raw_marshaler.go:51.5,54.7 1 7
github.com/orb-community/orb/sinker/otel/kafkafanoutexporter/raw_marshaler.go:59.2,59.22 1 8
github.com/orb-community/orb/sinker/otel/kafkafanoutexporter/raw_marshaler.go:62.75,63.22 1 8
github.com/orb-community/orb/sinker/otel/kafkafanoutexporter/raw_marshaler.go:64.28,65.41 1 1
github.com/orb-community/orb/sinker/otel/kafkafanoutexporter/raw_marshaler.go:66.30,67.36 1 1
github.com/orb-community/orb/sinker/otel/kafkafanoutexporter/raw_marshaler.go:68.29,69.42 1 1
github.com/orb-community/orb/sinker/otel/kafkafanoutexporter/raw_marshaler.go:70.31,71.44 1 1
github.com/orb-community/orb/sinker/otel/kafkafanoutexporter/raw_marshaler.go:72.28,73.41 1 1
github.com/orb-community/orb/sinker/otel/kafkafanoutexporter/raw_marshaler.go:74.30,75.23 1 1
github.com/orb-community/orb/sinker/otel/kafkafanoutexporter/raw_marshaler.go:76.30,77.51 1 1
github.com/orb-community/orb/sinker/otel/kafkafanoutexporter/raw_marshaler.go:78.28,79.49 1 1
github.com/orb-community/orb/sinker/otel/kafkafanoutexporter/raw_marshaler.go:80.10,81.29 1 0
github.com/orb-community/orb/sinker/otel/kafkafanoutexporter/raw_marshaler.go:85.75,86.18 1 6
github.com/orb-community/orb/sinker/otel/kafkafanoutexporter/raw_marshaler.go:86.18,88.3 1 0
github.com/orb-community/orb/sinker/otel/kafkafanoutexporter/raw_marshaler.go:89.2,90.17 2 6
github.com/orb-community/orb/sinker/otel/kafkafanoutexporter/raw_marshaler.go:93.41,95.2 1 13
github.com/orb-community/orb/sinker/otel/kafkafanoutexporter/scram_client.go:32.80,34.16 2 0
github.com/orb-community/orb/sinker/otel/kafkafanoutexporter/scram_client.go:34.16,36.3 1 0
github.com/orb-community/orb/sinker/otel/kafkafanoutexporter/scram_client.go:37.2,38.12 2 0
github.com/orb-community/orb/sinker/otel/kafkafanoutexporter/scram_client.go:46.78,49.2 1 0
github.com/orb-community/orb/sinker/otel/kafkafanoutexporter/scram_client.go:52.38,54.2 1 0
github.com/orb-community/orb/sinker/redis/sinker.go:34.87,36.2 1 3
github.com/orb-community/orb/sinker/redis/sinker.go:38.66,40.16 2 0
github.com/orb-community/orb/sinker/redis/sinker.go:40.16,42.3 1 0
github.com/orb-community/orb/sinker/redis/sinker.go:43.2,43.29 1 0
github.com/orb-community/orb/sinker/redis/sinker.go:43.29,45.3 1 0
github.com/orb-community/orb/sinker/redis/sinker.go:46.2,46.14 1 0
github.com/orb-community/orb/sinker/redis/sinker.go:49.65,52.16 3 6
github.com/orb-community/orb/sinker/redis/sinker.go:52.16,54.3 1 0
github.com/orb-community/orb/sinker/redis/sinker.go:55.2,55.80 1 6
github.com/orb-community/orb/sinker/redis/sinker.go:55.80,57.3 1 0
github.com/orb-community/orb/sinker/redis/sinker.go:58.2,58.12 1 6
github.com/orb-community/orb/sinker/redis/sinker.go:61.67,63.71 2 0
github.com/orb-community/orb/sinker/redis/sinker.go:63.71,65.3 1 0
github.com/orb-community/orb/sinker/redis/sinker.go:66.2,66.12 1 0
github.com/orb-community/orb/sinker/redis/sinker.go:69.91,70.35 1 5
github.com/orb-community/orb/sinker/redis/sinker.go:70.35,72.3 1 1
github.com/orb-community/orb/sinker/redis/sinker.go:73.2,75.16 3 4
github.com/orb-community/orb/sinker/redis/sinker.go:75.16,77.3 1 0
github.com/orb-community/orb/sinker/redis/sinker.go:78.2,79.73 2 4
github.com/orb-community/orb/sinker/redis/sinker.go:79.73,81.3 1 0
github.com/orb-community/orb/sinker/redis/sinker.go:82.2,82.23 1 4
github.com/orb-community/orb/sinker/redis/sinker.go:85.66,86.64 1 0
github.com/orb-community/orb/sinker/redis/sinker.go:86.64,88.3 1 0
github.com/orb-community/orb/sinker/redis/sinker.go:89.2,89.38 1 0
github.com/orb-community/orb/sinker/redis/sinker.go:89.38,91.3 1 0
github.com/orb-community/orb/sinker/redis/sinker.go:92.2,92.12 1 0
github.com/orb-community/orb/sinker/redis/sinker.go:97.81,98.35 1 0
github.com/orb-community/orb/sinker/redis/sinker.go:98.35,100.3 1 0
github.com/orb-community/orb/sinker/redis/sinker.go:101.2,103.16 3 0
github.com/orb-community/orb/sinker/redis/sinker.go:103.16,105.3 1 0
github.com/orb-community/orb/sinker/redis/sinker.go:106.2,107.26 2 0
github.com/orb-community/orb/sinker/redis/sinker.go:110.72,111.35 1 0
github.com/orb-community/orb/sinker/redis/sinker.go:111.35,113.3 1 0
github.com/orb-community/orb/sinker/redis/sinker.go:114.2,116.88 3 0
github.com/orb-community/orb/sinker/redis/sinker.go:116.88,118.3 1 0
github.com/orb-community/orb/sinker/redis/sinker.go:119.2,120.12 2 0
github.com/orb-community/orb/sinker/redis/sinker.go:125.98,140.63 3 0
github.com/orb-community/orb/sinker/redis/sinker.go:140.63,142.3 1 0
github.com/orb-community/orb/sinker/redis/sinker.go:143.2,143.12 1 0
github.com/orb-community/orb/sinker/redis/sinker.go:146.56,149.38 3 0
github.com/orb-community/orb/sinker/redis/sinker.go:149.38,151.20 2 0
github.com/orb-community/orb/sinker/redis/sinker.go:151.20,153.4 1 0
github.com/orb-community/orb/sinker/redis/sinker.go:155.2,155.35 1 0
github.com/orb-community/orb/sinker/redis/sinker.go:155.35,158.3 2 0
github.com/orb-community/orb/sinker/redis/sinker.go:159.2,159.20 1 0
github.com/orb-community/orb/sinker/redis/sinker.go:162.81,165.38 3 1
github.com/orb-community/orb/sinker/redis/sinker.go:165.38,168.20 3 3
github.com/orb-community/orb/sinker/redis/sinker.go:168.20,170.4 1 3
github.com/orb-community/orb/sinker/redis/sinker.go:171.3,172.17 2 3
github.com/orb-community/orb/sinker/redis/sinker.go:172.17,174.12 2 0
github.com/orb-community/orb/sinker/redis/sinker.go:176.3,176.33 1 3
github.com/orb-community/orb/sinker/redis/sinker.go:178.2,178.35 1 1
github.com/orb-community/orb/sinker/redis/sinker.go:178.35,181.3 2 0
github.com/orb-community/orb/sinker/redis/sinker.go:183.2,183.21 1 1
