mode: atomic
github.com/etaques/orb/sinker/otel/kafkafanoutexporter/internal/awsmsk/iam_scram_client.go:84.81,90.2 1 1
github.com/etaques/orb/sinker/otel/kafkafanoutexporter/internal/awsmsk/iam_scram_client.go:92.68,93.26 1 1
github.com/etaques/orb/sinker/otel/kafkafanoutexporter/internal/awsmsk/iam_scram_client.go:97.2,97.21 1 1
github.com/etaques/orb/sinker/otel/kafkafanoutexporter/internal/awsmsk/iam_scram_client.go:101.2,101.24 1 1
github.com/etaques/orb/sinker/otel/kafkafanoutexporter/internal/awsmsk/iam_scram_client.go:105.2,122.12 5 1
github.com/etaques/orb/sinker/otel/kafkafanoutexporter/internal/awsmsk/iam_scram_client.go:93.26,95.3 1 0
github.com/etaques/orb/sinker/otel/kafkafanoutexporter/internal/awsmsk/iam_scram_client.go:97.21,99.3 1 0
github.com/etaques/orb/sinker/otel/kafkafanoutexporter/internal/awsmsk/iam_scram_client.go:101.24,103.3 1 0
github.com/etaques/orb/sinker/otel/kafkafanoutexporter/internal/awsmsk/iam_scram_client.go:125.65,128.18 2 7
github.com/etaques/orb/sinker/otel/kafkafanoutexporter/internal/awsmsk/iam_scram_client.go:163.2,163.18 1 3
github.com/etaques/orb/sinker/otel/kafkafanoutexporter/internal/awsmsk/iam_scram_client.go:129.19,130.22 1 1
github.com/etaques/orb/sinker/otel/kafkafanoutexporter/internal/awsmsk/iam_scram_client.go:134.3,135.17 2 1
github.com/etaques/orb/sinker/otel/kafkafanoutexporter/internal/awsmsk/iam_scram_client.go:139.3,140.28 2 1
github.com/etaques/orb/sinker/otel/kafkafanoutexporter/internal/awsmsk/iam_scram_client.go:141.22,142.22 1 5
github.com/etaques/orb/sinker/otel/kafkafanoutexporter/internal/awsmsk/iam_scram_client.go:147.3,148.85 2 4
github.com/etaques/orb/sinker/otel/kafkafanoutexporter/internal/awsmsk/iam_scram_client.go:153.3,153.39 1 4
github.com/etaques/orb/sinker/otel/kafkafanoutexporter/internal/awsmsk/iam_scram_client.go:158.3,158.22 1 2
github.com/etaques/orb/sinker/otel/kafkafanoutexporter/internal/awsmsk/iam_scram_client.go:159.10,160.74 1 1
github.com/etaques/orb/sinker/otel/kafkafanoutexporter/internal/awsmsk/iam_scram_client.go:130.22,133.4 2 0
github.com/etaques/orb/sinker/otel/kafkafanoutexporter/internal/awsmsk/iam_scram_client.go:135.17,138.4 2 0
github.com/etaques/orb/sinker/otel/kafkafanoutexporter/internal/awsmsk/iam_scram_client.go:142.22,145.4 2 1
github.com/etaques/orb/sinker/otel/kafkafanoutexporter/internal/awsmsk/iam_scram_client.go:148.85,151.4 2 0
github.com/etaques/orb/sinker/otel/kafkafanoutexporter/internal/awsmsk/iam_scram_client.go:153.39,156.4 2 2
github.com/etaques/orb/sinker/otel/kafkafanoutexporter/internal/awsmsk/iam_scram_client.go:166.38,166.69 1 5
github.com/etaques/orb/sinker/otel/kafkafanoutexporter/internal/awsmsk/iam_scram_client.go:168.59,174.16 4 1
github.com/etaques/orb/sinker/otel/kafkafanoutexporter/internal/awsmsk/iam_scram_client.go:179.2,192.4 2 1
github.com/etaques/orb/sinker/otel/kafkafanoutexporter/internal/awsmsk/iam_scram_client.go:174.16,176.3 1 0
github.com/etaques/orb/sinker/otel/orbreceiver/internal/sharedcomponent/sharedcomponent.go:33.46,37.2 1 3
github.com/etaques/orb/sinker/otel/orbreceiver/internal/sharedcomponent/sharedcomponent.go:41.108,42.33 1 4
github.com/etaques/orb/sinker/otel/orbreceiver/internal/sharedcomponent/sharedcomponent.go:45.2,47.22 1 3
github.com/etaques/orb/sinker/otel/orbreceiver/internal/sharedcomponent/sharedcomponent.go:51.2,52.16 2 3
github.com/etaques/orb/sinker/otel/orbreceiver/internal/sharedcomponent/sharedcomponent.go:42.33,44.3 1 1
github.com/etaques/orb/sinker/otel/orbreceiver/internal/sharedcomponent/sharedcomponent.go:47.22,49.4 1 2
github.com/etaques/orb/sinker/otel/orbreceiver/internal/sharedcomponent/sharedcomponent.go:66.56,68.2 1 1
github.com/etaques/orb/sinker/otel/orbreceiver/internal/sharedcomponent/sharedcomponent.go:71.81,73.24 2 2
github.com/etaques/orb/sinker/otel/orbreceiver/internal/sharedcomponent/sharedcomponent.go:76.2,76.12 1 2
github.com/etaques/orb/sinker/otel/orbreceiver/internal/sharedcomponent/sharedcomponent.go:73.24,75.3 1 1
github.com/etaques/orb/sinker/otel/orbreceiver/internal/sharedcomponent/sharedcomponent.go:80.63,82.23 2 3
github.com/etaques/orb/sinker/otel/orbreceiver/internal/sharedcomponent/sharedcomponent.go:86.2,86.12 1 3
github.com/etaques/orb/sinker/otel/orbreceiver/internal/sharedcomponent/sharedcomponent.go:82.23,85.3 2 2
github.com/etaques/orb/sinker/otel/orbreceiver/otlp.go:55.111,64.2 2 0
github.com/etaques/orb/sinker/otel/orbreceiver/otlp.go:67.74,72.2 3 0
github.com/etaques/orb/sinker/otel/orbreceiver/otlp.go:75.59,77.15 2 0
github.com/etaques/orb/sinker/otel/orbreceiver/otlp.go:81.2,81.12 1 0
github.com/etaques/orb/sinker/otel/orbreceiver/otlp.go:77.15,80.3 2 0
github.com/etaques/orb/sinker/otel/orbreceiver/otlp.go:85.74,86.15 1 0
github.com/etaques/orb/sinker/otel/orbreceiver/otlp.go:89.2,89.18 1 0
github.com/etaques/orb/sinker/otel/orbreceiver/otlp.go:93.2,95.76 3 0
github.com/etaques/orb/sinker/otel/orbreceiver/otlp.go:98.2,100.12 2 0
github.com/etaques/orb/sinker/otel/orbreceiver/otlp.go:86.15,88.3 1 0
github.com/etaques/orb/sinker/otel/orbreceiver/otlp.go:89.18,92.3 2 0
github.com/etaques/orb/sinker/otel/orbreceiver/otlp.go:95.76,97.3 1 0
github.com/etaques/orb/sinker/otel/orbreceiver/otlp.go:103.43,108.2 4 0
github.com/etaques/orb/sinker/otel/orbreceiver/otlp.go:110.67,111.12 1 0
github.com/etaques/orb/sinker/otel/orbreceiver/otlp.go:160.2,160.12 1 0
github.com/etaques/orb/sinker/otel/orbreceiver/otlp.go:111.12,121.17 5 0
github.com/etaques/orb/sinker/otel/orbreceiver/otlp.go:126.3,129.17 4 0
github.com/etaques/orb/sinker/otel/orbreceiver/otlp.go:134.3,135.17 2 0
github.com/etaques/orb/sinker/otel/orbreceiver/otlp.go:140.3,145.34 6 0
github.com/etaques/orb/sinker/otel/orbreceiver/otlp.go:121.17,124.4 2 0
github.com/etaques/orb/sinker/otel/orbreceiver/otlp.go:129.17,133.4 3 0
github.com/etaques/orb/sinker/otel/orbreceiver/otlp.go:135.17,139.4 3 0
github.com/etaques/orb/sinker/otel/orbreceiver/otlp.go:145.34,147.18 2 0
github.com/etaques/orb/sinker/otel/orbreceiver/otlp.go:151.4,153.18 3 0
github.com/etaques/orb/sinker/otel/orbreceiver/otlp.go:147.18,149.13 2 0
github.com/etaques/orb/sinker/otel/orbreceiver/otlp.go:153.18,156.13 3 0
github.com/etaques/orb/sinker/otel/orbreceiver/config.go:41.37,44.2 1 0
github.com/etaques/orb/sinker/otel/orbreceiver/config.go:47.67,50.2 1 0
github.com/etaques/orb/sinker/otel/orbreceiver/encoder.go:55.84,59.2 3 0
github.com/etaques/orb/sinker/otel/orbreceiver/encoder.go:61.86,65.2 3 0
github.com/etaques/orb/sinker/otel/orbreceiver/encoder.go:67.80,71.2 3 0
github.com/etaques/orb/sinker/otel/orbreceiver/encoder.go:73.85,75.2 1 0
github.com/etaques/orb/sinker/otel/orbreceiver/encoder.go:77.87,79.2 1 0
github.com/etaques/orb/sinker/otel/orbreceiver/encoder.go:81.81,83.2 1 0
github.com/etaques/orb/sinker/otel/orbreceiver/encoder.go:85.69,87.2 1 0
github.com/etaques/orb/sinker/otel/orbreceiver/encoder.go:89.42,91.2 1 0
github.com/etaques/orb/sinker/otel/orbreceiver/encoder.go:95.83,99.2 3 0
github.com/etaques/orb/sinker/otel/orbreceiver/encoder.go:101.85,105.2 3 0
github.com/etaques/orb/sinker/otel/orbreceiver/encoder.go:107.79,111.2 3 0
github.com/etaques/orb/sinker/otel/orbreceiver/encoder.go:113.84,115.2 1 0
github.com/etaques/orb/sinker/otel/orbreceiver/encoder.go:117.86,119.2 1 0
github.com/etaques/orb/sinker/otel/orbreceiver/encoder.go:121.80,123.2 1 0
github.com/etaques/orb/sinker/otel/orbreceiver/encoder.go:125.68,129.2 3 0
github.com/etaques/orb/sinker/otel/orbreceiver/encoder.go:131.41,133.2 1 0
github.com/etaques/orb/sinker/otel/orbreceiver/factory.go:30.45,35.2 1 0
github.com/etaques/orb/sinker/otel/orbreceiver/factory.go:38.44,42.2 1 0
github.com/etaques/orb/sinker/otel/orbreceiver/factory.go:50.38,52.58 2 0
github.com/etaques/orb/sinker/otel/orbreceiver/factory.go:55.2,56.16 2 0
github.com/etaques/orb/sinker/otel/orbreceiver/factory.go:60.2,60.15 1 0
github.com/etaques/orb/sinker/otel/orbreceiver/factory.go:52.58,54.3 1 0
github.com/etaques/orb/sinker/otel/orbreceiver/factory.go:56.16,59.3 2 0
github.com/etaques/orb/sinker/backend/pktvisor/pktvisor.go:42.149,44.27 1 95
github.com/etaques/orb/sinker/backend/pktvisor/pktvisor.go:49.2,51.16 3 95
github.com/etaques/orb/sinker/backend/pktvisor/pktvisor.go:56.2,57.36 2 95
github.com/etaques/orb/sinker/backend/pktvisor/pktvisor.go:60.2,60.34 1 95
github.com/etaques/orb/sinker/backend/pktvisor/pktvisor.go:64.2,77.49 3 95
github.com/etaques/orb/sinker/backend/pktvisor/pktvisor.go:120.2,120.43 1 95
github.com/etaques/orb/sinker/backend/pktvisor/pktvisor.go:44.27,47.3 2 0
github.com/etaques/orb/sinker/backend/pktvisor/pktvisor.go:51.16,54.3 2 0
github.com/etaques/orb/sinker/backend/pktvisor/pktvisor.go:57.36,59.3 1 4
github.com/etaques/orb/sinker/backend/pktvisor/pktvisor.go:60.34,62.3 1 2
github.com/etaques/orb/sinker/backend/pktvisor/pktvisor.go:77.49,78.42 1 95
github.com/etaques/orb/sinker/backend/pktvisor/pktvisor.go:78.42,81.18 3 3
github.com/etaques/orb/sinker/backend/pktvisor/pktvisor.go:85.4,85.30 1 3
github.com/etaques/orb/sinker/backend/pktvisor/pktvisor.go:81.18,83.13 2 0
github.com/etaques/orb/sinker/backend/pktvisor/pktvisor.go:86.9,86.48 1 92
github.com/etaques/orb/sinker/backend/pktvisor/pktvisor.go:86.48,89.18 3 32
github.com/etaques/orb/sinker/backend/pktvisor/pktvisor.go:93.4,93.30 1 32
github.com/etaques/orb/sinker/backend/pktvisor/pktvisor.go:89.18,91.13 2 0
github.com/etaques/orb/sinker/backend/pktvisor/pktvisor.go:94.9,94.52 1 60
github.com/etaques/orb/sinker/backend/pktvisor/pktvisor.go:94.52,97.18 3 23
github.com/etaques/orb/sinker/backend/pktvisor/pktvisor.go:101.4,101.30 1 23
github.com/etaques/orb/sinker/backend/pktvisor/pktvisor.go:97.18,99.13 2 0
github.com/etaques/orb/sinker/backend/pktvisor/pktvisor.go:102.9,102.49 1 37
github.com/etaques/orb/sinker/backend/pktvisor/pktvisor.go:102.49,105.18 3 9
github.com/etaques/orb/sinker/backend/pktvisor/pktvisor.go:109.4,109.30 1 9
github.com/etaques/orb/sinker/backend/pktvisor/pktvisor.go:105.18,107.13 2 0
github.com/etaques/orb/sinker/backend/pktvisor/pktvisor.go:110.9,110.49 1 28
github.com/etaques/orb/sinker/backend/pktvisor/pktvisor.go:110.49,113.18 3 28
github.com/etaques/orb/sinker/backend/pktvisor/pktvisor.go:117.4,117.30 1 28
github.com/etaques/orb/sinker/backend/pktvisor/pktvisor.go:113.18,115.13 2 0
github.com/etaques/orb/sinker/backend/pktvisor/pktvisor.go:123.92,125.44 2 95
github.com/etaques/orb/sinker/backend/pktvisor/pktvisor.go:136.2,136.16 1 95
github.com/etaques/orb/sinker/backend/pktvisor/pktvisor.go:125.44,129.24 4 95
github.com/etaques/orb/sinker/backend/pktvisor/pktvisor.go:134.3,134.39 1 95
github.com/etaques/orb/sinker/backend/pktvisor/pktvisor.go:129.24,131.4 1 28
github.com/etaques/orb/sinker/backend/pktvisor/pktvisor.go:131.9,133.4 1 67
github.com/etaques/orb/sinker/backend/pktvisor/pktvisor.go:139.124,140.35 1 926
github.com/etaques/orb/sinker/backend/pktvisor/pktvisor.go:140.35,141.36 1 4373
github.com/etaques/orb/sinker/backend/pktvisor/pktvisor.go:142.31,145.61 1 859
github.com/etaques/orb/sinker/backend/pktvisor/pktvisor.go:148.14,149.4 1 2546
github.com/etaques/orb/sinker/backend/pktvisor/pktvisor.go:161.16,162.4 1 128
github.com/etaques/orb/sinker/backend/pktvisor/pktvisor.go:175.22,176.4 1 572
github.com/etaques/orb/sinker/backend/pktvisor/pktvisor.go:149.4,152.54 2 2546
github.com/etaques/orb/sinker/backend/pktvisor/pktvisor.go:152.54,155.6 1 1320
github.com/etaques/orb/sinker/backend/pktvisor/pktvisor.go:155.11,157.6 1 1226
github.com/etaques/orb/sinker/backend/pktvisor/pktvisor.go:162.4,165.54 2 128
github.com/etaques/orb/sinker/backend/pktvisor/pktvisor.go:165.54,168.6 1 128
github.com/etaques/orb/sinker/backend/pktvisor/pktvisor.go:168.11,170.6 1 0
github.com/etaques/orb/sinker/backend/pktvisor/pktvisor.go:176.4,177.37 1 572
github.com/etaques/orb/sinker/backend/pktvisor/pktvisor.go:177.37,179.13 2 19
github.com/etaques/orb/sinker/backend/pktvisor/pktvisor.go:182.6,184.26 3 19
github.com/etaques/orb/sinker/backend/pktvisor/pktvisor.go:196.6,196.94 1 19
github.com/etaques/orb/sinker/backend/pktvisor/pktvisor.go:179.13,181.7 1 0
github.com/etaques/orb/sinker/backend/pktvisor/pktvisor.go:184.26,185.16 1 38
github.com/etaques/orb/sinker/backend/pktvisor/pktvisor.go:186.19,187.8 1 19
github.com/etaques/orb/sinker/backend/pktvisor/pktvisor.go:190.23,191.8 1 19
github.com/etaques/orb/sinker/backend/pktvisor/pktvisor.go:187.8,189.9 1 19
github.com/etaques/orb/sinker/backend/pktvisor/pktvisor.go:191.8,193.9 1 19
github.com/etaques/orb/sinker/backend/pktvisor/pktvisor.go:203.128,204.35 1 210
github.com/etaques/orb/sinker/backend/pktvisor/pktvisor.go:204.35,205.36 1 1810
github.com/etaques/orb/sinker/backend/pktvisor/pktvisor.go:206.31,210.30 1 182
github.com/etaques/orb/sinker/backend/pktvisor/pktvisor.go:224.14,225.4 1 748
github.com/etaques/orb/sinker/backend/pktvisor/pktvisor.go:238.22,239.4 1 768
github.com/etaques/orb/sinker/backend/pktvisor/pktvisor.go:210.30,214.5 3 27
github.com/etaques/orb/sinker/backend/pktvisor/pktvisor.go:214.10,214.40 1 155
github.com/etaques/orb/sinker/backend/pktvisor/pktvisor.go:214.40,218.5 3 22
github.com/etaques/orb/sinker/backend/pktvisor/pktvisor.go:218.10,220.5 1 133
github.com/etaques/orb/sinker/backend/pktvisor/pktvisor.go:225.4,228.54 2 748
github.com/etaques/orb/sinker/backend/pktvisor/pktvisor.go:228.54,231.6 1 0
github.com/etaques/orb/sinker/backend/pktvisor/pktvisor.go:231.11,233.6 1 748
github.com/etaques/orb/sinker/backend/pktvisor/pktvisor.go:239.4,240.37 1 768
github.com/etaques/orb/sinker/backend/pktvisor/pktvisor.go:240.37,242.13 2 16
github.com/etaques/orb/sinker/backend/pktvisor/pktvisor.go:245.6,247.26 3 16
github.com/etaques/orb/sinker/backend/pktvisor/pktvisor.go:259.6,259.94 1 16
github.com/etaques/orb/sinker/backend/pktvisor/pktvisor.go:242.13,244.7 1 0
github.com/etaques/orb/sinker/backend/pktvisor/pktvisor.go:247.26,248.16 1 32
github.com/etaques/orb/sinker/backend/pktvisor/pktvisor.go:249.19,250.8 1 16
github.com/etaques/orb/sinker/backend/pktvisor/pktvisor.go:253.23,254.8 1 16
github.com/etaques/orb/sinker/backend/pktvisor/pktvisor.go:250.8,252.9 1 16
github.com/etaques/orb/sinker/backend/pktvisor/pktvisor.go:254.8,256.9 1 16
github.com/etaques/orb/sinker/backend/pktvisor/pktvisor.go:266.158,275.92 8 3457
github.com/etaques/orb/sinker/backend/pktvisor/pktvisor.go:279.2,279.79 1 3457
github.com/etaques/orb/sinker/backend/pktvisor/pktvisor.go:283.2,283.71 1 3457
github.com/etaques/orb/sinker/backend/pktvisor/pktvisor.go:287.2,287.76 1 3457
github.com/etaques/orb/sinker/backend/pktvisor/pktvisor.go:291.2,291.73 1 3457
github.com/etaques/orb/sinker/backend/pktvisor/pktvisor.go:295.2,295.72 1 3457
github.com/etaques/orb/sinker/backend/pktvisor/pktvisor.go:299.2,299.75 1 3457
github.com/etaques/orb/sinker/backend/pktvisor/pktvisor.go:303.2,303.25 1 3457
github.com/etaques/orb/sinker/backend/pktvisor/pktvisor.go:310.2,310.25 1 3457
github.com/etaques/orb/sinker/backend/pktvisor/pktvisor.go:318.2,318.30 1 3457
github.com/etaques/orb/sinker/backend/pktvisor/pktvisor.go:325.2,325.13 1 3457
github.com/etaques/orb/sinker/backend/pktvisor/pktvisor.go:345.2,345.61 1 3457
github.com/etaques/orb/sinker/backend/pktvisor/pktvisor.go:351.2,356.15 3 3457
github.com/etaques/orb/sinker/backend/pktvisor/pktvisor.go:275.92,278.3 2 0
github.com/etaques/orb/sinker/backend/pktvisor/pktvisor.go:279.79,282.3 2 0
github.com/etaques/orb/sinker/backend/pktvisor/pktvisor.go:283.71,286.3 2 0
github.com/etaques/orb/sinker/backend/pktvisor/pktvisor.go:287.76,290.3 2 0
github.com/etaques/orb/sinker/backend/pktvisor/pktvisor.go:291.73,294.3 2 0
github.com/etaques/orb/sinker/backend/pktvisor/pktvisor.go:295.72,298.3 2 0
github.com/etaques/orb/sinker/backend/pktvisor/pktvisor.go:299.75,302.3 2 0
github.com/etaques/orb/sinker/backend/pktvisor/pktvisor.go:303.25,304.71 1 754
github.com/etaques/orb/sinker/backend/pktvisor/pktvisor.go:304.71,308.4 3 0
github.com/etaques/orb/sinker/backend/pktvisor/pktvisor.go:310.25,311.81 1 716
github.com/etaques/orb/sinker/backend/pktvisor/pktvisor.go:311.81,315.4 3 0
github.com/etaques/orb/sinker/backend/pktvisor/pktvisor.go:318.30,319.57 1 250
github.com/etaques/orb/sinker/backend/pktvisor/pktvisor.go:319.57,322.4 2 0
github.com/etaques/orb/sinker/backend/pktvisor/pktvisor.go:325.13,326.15 1 1483
github.com/etaques/orb/sinker/backend/pktvisor/pktvisor.go:326.15,327.40 1 1448
github.com/etaques/orb/sinker/backend/pktvisor/pktvisor.go:327.40,328.81 1 1448
github.com/etaques/orb/sinker/backend/pktvisor/pktvisor.go:328.81,331.6 2 0
github.com/etaques/orb/sinker/backend/pktvisor/pktvisor.go:333.9,335.18 2 35
github.com/etaques/orb/sinker/backend/pktvisor/pktvisor.go:339.4,339.82 1 35
github.com/etaques/orb/sinker/backend/pktvisor/pktvisor.go:335.18,338.5 2 0
github.com/etaques/orb/sinker/backend/pktvisor/pktvisor.go:339.82,342.5 2 0
github.com/etaques/orb/sinker/backend/pktvisor/pktvisor.go:345.61,346.62 1 128
github.com/etaques/orb/sinker/backend/pktvisor/pktvisor.go:346.62,349.4 2 0
github.com/etaques/orb/sinker/backend/pktvisor/pktvisor.go:359.59,361.2 1 0
github.com/etaques/orb/sinker/backend/pktvisor/pktvisor.go:363.36,372.18 6 3457
github.com/etaques/orb/sinker/backend/pktvisor/pktvisor.go:380.2,383.26 4 3457
github.com/etaques/orb/sinker/backend/pktvisor/pktvisor.go:372.18,374.26 2 5
github.com/etaques/orb/sinker/backend/pktvisor/pktvisor.go:377.3,377.13 1 5
github.com/etaques/orb/sinker/backend/pktvisor/pktvisor.go:374.26,376.4 1 4
github.com/etaques/orb/sinker/backend/pktvisor/pktvisor.go:386.54,440.41 54 35
github.com/etaques/orb/sinker/backend/pktvisor/pktvisor.go:440.41,442.3 1 35
github.com/etaques/orb/sinker/backend/pktvisor/pktvisor.go:442.8,444.3 1 0
github.com/etaques/orb/sinker/backend/pktvisor/pktvisor.go:447.40,450.2 2 18
github.com/etaques/orb/sinker/backend/pktvisor/promwrapper.go:20.37,22.43 2 0
github.com/etaques/orb/sinker/backend/pktvisor/promwrapper.go:25.2,25.34 1 0
github.com/etaques/orb/sinker/backend/pktvisor/promwrapper.go:22.43,24.3 1 0
github.com/etaques/orb/sinker/backend/pktvisor/promwrapper.go:28.45,31.25 2 27402
github.com/etaques/orb/sinker/backend/pktvisor/promwrapper.go:35.2,42.12 3 27402
github.com/etaques/orb/sinker/backend/pktvisor/promwrapper.go:31.25,33.3 1 0
github.com/etaques/orb/sinker/backend/pktvisor/promwrapper.go:45.38,47.33 2 0
github.com/etaques/orb/sinker/backend/pktvisor/promwrapper.go:50.2,50.35 1 0
github.com/etaques/orb/sinker/backend/pktvisor/promwrapper.go:47.33,49.3 1 0
github.com/etaques/orb/sinker/backend/pktvisor/promwrapper.go:53.46,55.22 2 0
github.com/etaques/orb/sinker/backend/pktvisor/promwrapper.go:59.2,64.12 2 0
github.com/etaques/orb/sinker/backend/pktvisor/promwrapper.go:55.22,57.3 1 0
github.com/etaques/orb/sinker/backend/pktvisor/promwrapper.go:67.30,69.2 1 0
github.com/etaques/orb/sinker/backend/pktvisor/promwrapper.go:71.38,73.18 2 3585
github.com/etaques/orb/sinker/backend/pktvisor/promwrapper.go:77.2,78.37 2 3585
github.com/etaques/orb/sinker/backend/pktvisor/promwrapper.go:88.2,89.16 2 3585
github.com/etaques/orb/sinker/backend/pktvisor/promwrapper.go:93.2,96.12 3 3457
github.com/etaques/orb/sinker/backend/pktvisor/promwrapper.go:73.18,75.3 1 0
github.com/etaques/orb/sinker/backend/pktvisor/promwrapper.go:78.37,80.3 1 3585
github.com/etaques/orb/sinker/backend/pktvisor/promwrapper.go:80.8,82.17 2 0
github.com/etaques/orb/sinker/backend/pktvisor/promwrapper.go:85.3,85.30 1 0
github.com/etaques/orb/sinker/backend/pktvisor/promwrapper.go:82.17,84.4 1 0
github.com/etaques/orb/sinker/backend/pktvisor/promwrapper.go:89.16,91.3 1 128
github.com/etaques/orb/sinker/redis/sinker.go:26.81,28.2 1 3
github.com/etaques/orb/sinker/redis/sinker.go:30.66,32.16 2 0
github.com/etaques/orb/sinker/redis/sinker.go:35.2,35.29 1 0
github.com/etaques/orb/sinker/redis/sinker.go:38.2,38.14 1 0
github.com/etaques/orb/sinker/redis/sinker.go:32.16,34.3 1 0
github.com/etaques/orb/sinker/redis/sinker.go:35.29,37.3 1 0
github.com/etaques/orb/sinker/redis/sinker.go:41.59,44.16 3 6
github.com/etaques/orb/sinker/redis/sinker.go:47.2,47.80 1 6
github.com/etaques/orb/sinker/redis/sinker.go:50.2,50.12 1 6
github.com/etaques/orb/sinker/redis/sinker.go:44.16,46.3 1 0
github.com/etaques/orb/sinker/redis/sinker.go:47.80,49.3 1 0
github.com/etaques/orb/sinker/redis/sinker.go:53.67,55.71 2 0
github.com/etaques/orb/sinker/redis/sinker.go:58.2,58.12 1 0
github.com/etaques/orb/sinker/redis/sinker.go:55.71,57.3 1 0
github.com/etaques/orb/sinker/redis/sinker.go:61.85,62.35 1 5
github.com/etaques/orb/sinker/redis/sinker.go:65.2,67.16 3 4
github.com/etaques/orb/sinker/redis/sinker.go:70.2,71.73 2 4
github.com/etaques/orb/sinker/redis/sinker.go:74.2,74.23 1 4
github.com/etaques/orb/sinker/redis/sinker.go:62.35,64.3 1 1
github.com/etaques/orb/sinker/redis/sinker.go:67.16,69.3 1 0
github.com/etaques/orb/sinker/redis/sinker.go:71.73,73.3 1 0
github.com/etaques/orb/sinker/redis/sinker.go:77.60,78.64 1 0
github.com/etaques/orb/sinker/redis/sinker.go:81.2,81.38 1 0
github.com/etaques/orb/sinker/redis/sinker.go:84.2,84.12 1 0
github.com/etaques/orb/sinker/redis/sinker.go:78.64,80.3 1 0
github.com/etaques/orb/sinker/redis/sinker.go:81.38,83.3 1 0
github.com/etaques/orb/sinker/redis/sinker.go:87.56,90.38 3 0
github.com/etaques/orb/sinker/redis/sinker.go:96.2,96.35 1 0
github.com/etaques/orb/sinker/redis/sinker.go:100.2,100.20 1 0
github.com/etaques/orb/sinker/redis/sinker.go:90.38,92.20 2 0
github.com/etaques/orb/sinker/redis/sinker.go:92.20,94.4 1 0
github.com/etaques/orb/sinker/redis/sinker.go:96.35,99.3 2 0
github.com/etaques/orb/sinker/redis/sinker.go:103.75,106.38 3 1
github.com/etaques/orb/sinker/redis/sinker.go:119.2,119.35 1 1
github.com/etaques/orb/sinker/redis/sinker.go:124.2,124.21 1 1
github.com/etaques/orb/sinker/redis/sinker.go:106.38,109.20 3 3
github.com/etaques/orb/sinker/redis/sinker.go:112.3,113.17 2 3
github.com/etaques/orb/sinker/redis/sinker.go:117.3,117.33 1 3
github.com/etaques/orb/sinker/redis/sinker.go:109.20,111.4 1 3
github.com/etaques/orb/sinker/redis/sinker.go:113.17,115.12 2 0
github.com/etaques/orb/sinker/redis/sinker.go:119.35,122.3 2 0
github.com/etaques/orb/sinker/otel/kafkafanoutexporter/factory.go:57.78,58.45 1 1
github.com/etaques/orb/sinker/otel/kafkafanoutexporter/factory.go:58.45,59.46 1 1
github.com/etaques/orb/sinker/otel/kafkafanoutexporter/factory.go:59.46,61.4 1 1
github.com/etaques/orb/sinker/otel/kafkafanoutexporter/factory.go:66.69,72.28 2 2
github.com/etaques/orb/sinker/otel/kafkafanoutexporter/factory.go:75.2,81.3 1 2
github.com/etaques/orb/sinker/otel/kafkafanoutexporter/factory.go:72.28,74.3 1 1
github.com/etaques/orb/sinker/otel/kafkafanoutexporter/factory.go:84.44,108.2 1 12
github.com/etaques/orb/sinker/otel/kafkafanoutexporter/factory.go:120.37,122.22 2 5
github.com/etaques/orb/sinker/otel/kafkafanoutexporter/factory.go:125.2,125.34 1 5
github.com/etaques/orb/sinker/otel/kafkafanoutexporter/factory.go:128.2,129.16 2 5
github.com/etaques/orb/sinker/otel/kafkafanoutexporter/factory.go:132.2,143.42 1 4
github.com/etaques/orb/sinker/otel/kafkafanoutexporter/factory.go:122.22,124.3 1 5
github.com/etaques/orb/sinker/otel/kafkafanoutexporter/factory.go:125.34,127.3 1 0
github.com/etaques/orb/sinker/otel/kafkafanoutexporter/factory.go:129.16,131.3 1 1
github.com/etaques/orb/sinker/otel/kafkafanoutexporter/factory.go:150.38,152.22 2 3
github.com/etaques/orb/sinker/otel/kafkafanoutexporter/factory.go:155.2,155.34 1 3
github.com/etaques/orb/sinker/otel/kafkafanoutexporter/factory.go:158.2,159.16 2 3
github.com/etaques/orb/sinker/otel/kafkafanoutexporter/factory.go:162.2,173.42 1 2
github.com/etaques/orb/sinker/otel/kafkafanoutexporter/factory.go:152.22,154.3 1 3
github.com/etaques/orb/sinker/otel/kafkafanoutexporter/factory.go:155.34,157.3 1 0
github.com/etaques/orb/sinker/otel/kafkafanoutexporter/factory.go:159.16,161.3 1 1
github.com/etaques/orb/sinker/otel/kafkafanoutexporter/factory.go:180.35,182.22 2 3
github.com/etaques/orb/sinker/otel/kafkafanoutexporter/factory.go:185.2,185.34 1 3
github.com/etaques/orb/sinker/otel/kafkafanoutexporter/factory.go:188.2,189.16 2 3
github.com/etaques/orb/sinker/otel/kafkafanoutexporter/factory.go:192.2,203.42 1 2
github.com/etaques/orb/sinker/otel/kafkafanoutexporter/factory.go:182.22,184.3 1 3
github.com/etaques/orb/sinker/otel/kafkafanoutexporter/factory.go:185.34,187.3 1 0
github.com/etaques/orb/sinker/otel/kafkafanoutexporter/factory.go:189.16,191.3 1 1
github.com/etaques/orb/sinker/otel/kafkafanoutexporter/pdata_marshaler.go:29.100,31.16 2 0
github.com/etaques/orb/sinker/otel/kafkafanoutexporter/pdata_marshaler.go:34.2,39.8 1 0
github.com/etaques/orb/sinker/otel/kafkafanoutexporter/pdata_marshaler.go:31.16,33.3 1 0
github.com/etaques/orb/sinker/otel/kafkafanoutexporter/pdata_marshaler.go:42.47,44.2 1 12
github.com/etaques/orb/sinker/otel/kafkafanoutexporter/pdata_marshaler.go:46.85,51.2 1 12
github.com/etaques/orb/sinker/otel/kafkafanoutexporter/pdata_marshaler.go:58.109,60.16 2 0
github.com/etaques/orb/sinker/otel/kafkafanoutexporter/pdata_marshaler.go:63.2,68.8 1 0
github.com/etaques/orb/sinker/otel/kafkafanoutexporter/pdata_marshaler.go:60.16,62.3 1 0
github.com/etaques/orb/sinker/otel/kafkafanoutexporter/pdata_marshaler.go:71.50,73.2 1 12
github.com/etaques/orb/sinker/otel/kafkafanoutexporter/pdata_marshaler.go:75.94,80.2 1 12
github.com/etaques/orb/sinker/otel/kafkafanoutexporter/pdata_marshaler.go:87.106,89.16 2 1
github.com/etaques/orb/sinker/otel/kafkafanoutexporter/pdata_marshaler.go:92.2,97.8 1 1
github.com/etaques/orb/sinker/otel/kafkafanoutexporter/pdata_marshaler.go:89.16,91.3 1 0
github.com/etaques/orb/sinker/otel/kafkafanoutexporter/pdata_marshaler.go:100.49,102.2 1 14
github.com/etaques/orb/sinker/otel/kafkafanoutexporter/pdata_marshaler.go:104.91,109.2 1 14
github.com/etaques/orb/sinker/otel/kafkafanoutexporter/raw_marshaler.go:31.37,33.2 1 14
github.com/etaques/orb/sinker/otel/kafkafanoutexporter/raw_marshaler.go:35.96,37.49 2 8
github.com/etaques/orb/sinker/otel/kafkafanoutexporter/raw_marshaler.go:59.2,59.22 1 8
github.com/etaques/orb/sinker/otel/kafkafanoutexporter/raw_marshaler.go:37.49,39.45 2 8
github.com/etaques/orb/sinker/otel/kafkafanoutexporter/raw_marshaler.go:39.45,41.47 2 8
github.com/etaques/orb/sinker/otel/kafkafanoutexporter/raw_marshaler.go:41.47,44.19 3 8
github.com/etaques/orb/sinker/otel/kafkafanoutexporter/raw_marshaler.go:47.5,47.20 1 8
github.com/etaques/orb/sinker/otel/kafkafanoutexporter/raw_marshaler.go:51.5,54.7 1 7
github.com/etaques/orb/sinker/otel/kafkafanoutexporter/raw_marshaler.go:44.19,46.6 1 0
github.com/etaques/orb/sinker/otel/kafkafanoutexporter/raw_marshaler.go:47.20,48.14 1 1
github.com/etaques/orb/sinker/otel/kafkafanoutexporter/raw_marshaler.go:62.75,63.22 1 8
github.com/etaques/orb/sinker/otel/kafkafanoutexporter/raw_marshaler.go:64.28,65.41 1 1
github.com/etaques/orb/sinker/otel/kafkafanoutexporter/raw_marshaler.go:66.30,67.36 1 1
github.com/etaques/orb/sinker/otel/kafkafanoutexporter/raw_marshaler.go:68.29,69.42 1 1
github.com/etaques/orb/sinker/otel/kafkafanoutexporter/raw_marshaler.go:70.31,71.44 1 1
github.com/etaques/orb/sinker/otel/kafkafanoutexporter/raw_marshaler.go:72.28,73.41 1 1
github.com/etaques/orb/sinker/otel/kafkafanoutexporter/raw_marshaler.go:74.30,75.23 1 1
github.com/etaques/orb/sinker/otel/kafkafanoutexporter/raw_marshaler.go:76.30,77.51 1 1
github.com/etaques/orb/sinker/otel/kafkafanoutexporter/raw_marshaler.go:78.28,79.49 1 1
github.com/etaques/orb/sinker/otel/kafkafanoutexporter/raw_marshaler.go:80.10,81.29 1 0
github.com/etaques/orb/sinker/otel/kafkafanoutexporter/raw_marshaler.go:85.75,86.18 1 6
github.com/etaques/orb/sinker/otel/kafkafanoutexporter/raw_marshaler.go:89.2,90.17 2 6
github.com/etaques/orb/sinker/otel/kafkafanoutexporter/raw_marshaler.go:86.18,88.3 1 0
github.com/etaques/orb/sinker/otel/kafkafanoutexporter/raw_marshaler.go:93.41,95.2 1 6
github.com/etaques/orb/sinker/otel/kafkafanoutexporter/scram_client.go:32.80,34.16 2 0
github.com/etaques/orb/sinker/otel/kafkafanoutexporter/scram_client.go:37.2,38.12 2 0
github.com/etaques/orb/sinker/otel/kafkafanoutexporter/scram_client.go:34.16,36.3 1 0
github.com/etaques/orb/sinker/otel/kafkafanoutexporter/scram_client.go:46.78,49.2 1 0
github.com/etaques/orb/sinker/otel/kafkafanoutexporter/scram_client.go:52.38,54.2 1 0
github.com/etaques/orb/sinker/otel/kafkafanoutexporter/authentication.go:74.88,75.29 1 22
github.com/etaques/orb/sinker/otel/kafkafanoutexporter/authentication.go:78.2,78.23 1 22
github.com/etaques/orb/sinker/otel/kafkafanoutexporter/authentication.go:83.2,83.24 1 21
github.com/etaques/orb/sinker/otel/kafkafanoutexporter/authentication.go:89.2,89.28 1 18
github.com/etaques/orb/sinker/otel/kafkafanoutexporter/authentication.go:92.2,92.12 1 18
github.com/etaques/orb/sinker/otel/kafkafanoutexporter/authentication.go:75.29,77.3 1 1
github.com/etaques/orb/sinker/otel/kafkafanoutexporter/authentication.go:78.23,79.65 1 2
github.com/etaques/orb/sinker/otel/kafkafanoutexporter/authentication.go:79.65,81.4 1 1
github.com/etaques/orb/sinker/otel/kafkafanoutexporter/authentication.go:83.24,84.67 1 6
github.com/etaques/orb/sinker/otel/kafkafanoutexporter/authentication.go:84.67,86.4 1 3
github.com/etaques/orb/sinker/otel/kafkafanoutexporter/authentication.go:89.28,91.3 1 2
github.com/etaques/orb/sinker/otel/kafkafanoutexporter/authentication.go:95.78,99.2 3 1
github.com/etaques/orb/sinker/otel/kafkafanoutexporter/authentication.go:101.74,103.27 1 6
github.com/etaques/orb/sinker/otel/kafkafanoutexporter/authentication.go:107.2,107.27 1 5
github.com/etaques/orb/sinker/otel/kafkafanoutexporter/authentication.go:111.2,115.26 4 4
github.com/etaques/orb/sinker/otel/kafkafanoutexporter/authentication.go:133.2,133.12 1 3
github.com/etaques/orb/sinker/otel/kafkafanoutexporter/authentication.go:103.27,105.3 1 1
github.com/etaques/orb/sinker/otel/kafkafanoutexporter/authentication.go:107.27,109.3 1 1
github.com/etaques/orb/sinker/otel/kafkafanoutexporter/authentication.go:116.23,117.78 1 1
github.com/etaques/orb/sinker/otel/kafkafanoutexporter/authentication.go:118.3,118.63 1 1
github.com/etaques/orb/sinker/otel/kafkafanoutexporter/authentication.go:119.23,120.78 1 1
github.com/etaques/orb/sinker/otel/kafkafanoutexporter/authentication.go:121.3,121.63 1 1
github.com/etaques/orb/sinker/otel/kafkafanoutexporter/authentication.go:122.15,123.61 1 1
github.com/etaques/orb/sinker/otel/kafkafanoutexporter/authentication.go:124.21,125.78 1 0
github.com/etaques/orb/sinker/otel/kafkafanoutexporter/authentication.go:128.3,128.53 1 0
github.com/etaques/orb/sinker/otel/kafkafanoutexporter/authentication.go:129.10,130.141 1 1
github.com/etaques/orb/sinker/otel/kafkafanoutexporter/authentication.go:117.78,117.134 1 0
github.com/etaques/orb/sinker/otel/kafkafanoutexporter/authentication.go:120.78,120.134 1 0
github.com/etaques/orb/sinker/otel/kafkafanoutexporter/authentication.go:125.78,127.4 1 0
github.com/etaques/orb/sinker/otel/kafkafanoutexporter/authentication.go:136.89,138.16 2 2
github.com/etaques/orb/sinker/otel/kafkafanoutexporter/authentication.go:141.2,143.12 3 1
github.com/etaques/orb/sinker/otel/kafkafanoutexporter/authentication.go:138.16,140.3 1 1
github.com/etaques/orb/sinker/otel/kafkafanoutexporter/authentication.go:146.76,149.22 3 2
github.com/etaques/orb/sinker/otel/kafkafanoutexporter/authentication.go:156.2,159.63 4 2
github.com/etaques/orb/sinker/otel/kafkafanoutexporter/authentication.go:149.22,152.3 2 1
github.com/etaques/orb/sinker/otel/kafkafanoutexporter/authentication.go:152.8,155.3 2 1
github.com/etaques/orb/sinker/otel/kafkafanoutexporter/config.go:105.37,106.69 1 2
github.com/etaques/orb/sinker/otel/kafkafanoutexporter/config.go:110.2,111.16 2 2
github.com/etaques/orb/sinker/otel/kafkafanoutexporter/config.go:115.2,115.12 1 1
github.com/etaques/orb/sinker/otel/kafkafanoutexporter/config.go:106.69,108.3 1 0
github.com/etaques/orb/sinker/otel/kafkafanoutexporter/config.go:111.16,113.3 1 1
github.com/etaques/orb/sinker/otel/kafkafanoutexporter/config.go:118.90,119.21 1 19
github.com/etaques/orb/sinker/otel/kafkafanoutexporter/config.go:120.14,121.37 1 13
github.com/etaques/orb/sinker/otel/kafkafanoutexporter/config.go:122.14,123.37 1 1
github.com/etaques/orb/sinker/otel/kafkafanoutexporter/config.go:124.16,125.39 1 1
github.com/etaques/orb/sinker/otel/kafkafanoutexporter/config.go:126.13,127.36 1 1
github.com/etaques/orb/sinker/otel/kafkafanoutexporter/config.go:128.14,129.37 1 1
github.com/etaques/orb/sinker/otel/kafkafanoutexporter/config.go:130.10,131.162 1 2
github.com/etaques/orb/sinker/otel/kafkafanoutexporter/jaeger_marshaler.go:35.105,37.16 2 2
github.com/etaques/orb/sinker/otel/kafkafanoutexporter/jaeger_marshaler.go:40.2,43.32 3 2
github.com/etaques/orb/sinker/otel/kafkafanoutexporter/jaeger_marshaler.go:60.2,60.23 1 2
github.com/etaques/orb/sinker/otel/kafkafanoutexporter/jaeger_marshaler.go:37.16,39.3 1 0
github.com/etaques/orb/sinker/otel/kafkafanoutexporter/jaeger_marshaler.go:43.32,44.36 1 2
github.com/etaques/orb/sinker/otel/kafkafanoutexporter/jaeger_marshaler.go:44.36,48.18 3 2
github.com/etaques/orb/sinker/otel/kafkafanoutexporter/jaeger_marshaler.go:52.4,57.6 2 2
github.com/etaques/orb/sinker/otel/kafkafanoutexporter/jaeger_marshaler.go:48.18,50.13 2 0
github.com/etaques/orb/sinker/otel/kafkafanoutexporter/jaeger_marshaler.go:63.44,65.2 1 16
github.com/etaques/orb/sinker/otel/kafkafanoutexporter/jaeger_marshaler.go:77.83,79.2 1 1
github.com/etaques/orb/sinker/otel/kafkafanoutexporter/jaeger_marshaler.go:81.53,83.2 1 8
github.com/etaques/orb/sinker/otel/kafkafanoutexporter/jaeger_marshaler.go:91.56,95.2 1 7
github.com/etaques/orb/sinker/otel/kafkafanoutexporter/jaeger_marshaler.go:97.82,101.2 3 1
github.com/etaques/orb/sinker/otel/kafkafanoutexporter/jaeger_marshaler.go:103.52,105.2 1 8
github.com/etaques/orb/sinker/otel/kafkafanoutexporter/kafka_exporter.go:46.38,48.2 1 0
github.com/etaques/orb/sinker/otel/kafkafanoutexporter/kafka_exporter.go:50.89,55.16 5 0
github.com/etaques/orb/sinker/otel/kafkafanoutexporter/kafka_exporter.go:58.2,59.16 2 0
github.com/etaques/orb/sinker/otel/kafkafanoutexporter/kafka_exporter.go:68.2,68.12 1 0
github.com/etaques/orb/sinker/otel/kafkafanoutexporter/kafka_exporter.go:55.16,57.3 1 0
github.com/etaques/orb/sinker/otel/kafkafanoutexporter/kafka_exporter.go:59.16,61.31 2 0
github.com/etaques/orb/sinker/otel/kafkafanoutexporter/kafka_exporter.go:66.3,66.13 1 0
github.com/etaques/orb/sinker/otel/kafkafanoutexporter/kafka_exporter.go:61.31,62.24 1 0
github.com/etaques/orb/sinker/otel/kafkafanoutexporter/kafka_exporter.go:62.24,64.5 1 0
github.com/etaques/orb/sinker/otel/kafkafanoutexporter/kafka_exporter.go:71.60,73.2 1 0
github.com/etaques/orb/sinker/otel/kafkafanoutexporter/kafka_exporter.go:83.97,88.16 5 0
github.com/etaques/orb/sinker/otel/kafkafanoutexporter/kafka_exporter.go:91.2,92.16 2 0
github.com/etaques/orb/sinker/otel/kafkafanoutexporter/kafka_exporter.go:101.2,101.12 1 0
github.com/etaques/orb/sinker/otel/kafkafanoutexporter/kafka_exporter.go:88.16,90.3 1 0
github.com/etaques/orb/sinker/otel/kafkafanoutexporter/kafka_exporter.go:92.16,94.31 2 0
github.com/etaques/orb/sinker/otel/kafkafanoutexporter/kafka_exporter.go:99.3,99.13 1 0
github.com/etaques/orb/sinker/otel/kafkafanoutexporter/kafka_exporter.go:94.31,95.24 1 0
github.com/etaques/orb/sinker/otel/kafkafanoutexporter/kafka_exporter.go:95.24,97.5 1 0
github.com/etaques/orb/sinker/otel/kafkafanoutexporter/kafka_exporter.go:104.61,106.2 1 0
github.com/etaques/orb/sinker/otel/kafkafanoutexporter/kafka_exporter.go:116.85,121.16 5 0
github.com/etaques/orb/sinker/otel/kafkafanoutexporter/kafka_exporter.go:124.2,125.16 2 0
github.com/etaques/orb/sinker/otel/kafkafanoutexporter/kafka_exporter.go:134.2,134.12 1 0
github.com/etaques/orb/sinker/otel/kafkafanoutexporter/kafka_exporter.go:121.16,123.3 1 0
github.com/etaques/orb/sinker/otel/kafkafanoutexporter/kafka_exporter.go:125.16,127.31 2 0
github.com/etaques/orb/sinker/otel/kafkafanoutexporter/kafka_exporter.go:132.3,132.13 1 0
github.com/etaques/orb/sinker/otel/kafkafanoutexporter/kafka_exporter.go:127.31,128.24 1 0
github.com/etaques/orb/sinker/otel/kafkafanoutexporter/kafka_exporter.go:128.24,130.5 1 0
github.com/etaques/orb/sinker/otel/kafkafanoutexporter/kafka_exporter.go:137.58,139.2 1 0
github.com/etaques/orb/sinker/otel/kafkafanoutexporter/kafka_exporter.go:141.68,155.34 11 11
github.com/etaques/orb/sinker/otel/kafkafanoutexporter/kafka_exporter.go:163.2,163.74 1 11
github.com/etaques/orb/sinker/otel/kafkafanoutexporter/kafka_exporter.go:167.2,168.16 2 11
github.com/etaques/orb/sinker/otel/kafkafanoutexporter/kafka_exporter.go:171.2,174.16 3 11
github.com/etaques/orb/sinker/otel/kafkafanoutexporter/kafka_exporter.go:177.2,177.22 1 8
github.com/etaques/orb/sinker/otel/kafkafanoutexporter/kafka_exporter.go:155.34,157.17 2 9
github.com/etaques/orb/sinker/otel/kafkafanoutexporter/kafka_exporter.go:160.3,160.22 1 9
github.com/etaques/orb/sinker/otel/kafkafanoutexporter/kafka_exporter.go:157.17,159.4 1 0
github.com/etaques/orb/sinker/otel/kafkafanoutexporter/kafka_exporter.go:163.74,165.3 1 0
github.com/etaques/orb/sinker/otel/kafkafanoutexporter/kafka_exporter.go:168.16,170.3 1 0
github.com/etaques/orb/sinker/otel/kafkafanoutexporter/kafka_exporter.go:174.16,176.3 1 3
github.com/etaques/orb/sinker/otel/kafkafanoutexporter/kafka_exporter.go:180.149,182.22 2 3
github.com/etaques/orb/sinker/otel/kafkafanoutexporter/kafka_exporter.go:185.2,186.16 2 3
github.com/etaques/orb/sinker/otel/kafkafanoutexporter/kafka_exporter.go:190.2,195.8 1 2
github.com/etaques/orb/sinker/otel/kafkafanoutexporter/kafka_exporter.go:182.22,184.3 1 0
github.com/etaques/orb/sinker/otel/kafkafanoutexporter/kafka_exporter.go:186.16,188.3 1 1
github.com/etaques/orb/sinker/otel/kafkafanoutexporter/kafka_exporter.go:200.146,202.22 2 5
github.com/etaques/orb/sinker/otel/kafkafanoutexporter/kafka_exporter.go:205.2,206.16 2 5
github.com/etaques/orb/sinker/otel/kafkafanoutexporter/kafka_exporter.go:209.2,214.8 1 4
github.com/etaques/orb/sinker/otel/kafkafanoutexporter/kafka_exporter.go:202.22,204.3 1 0
github.com/etaques/orb/sinker/otel/kafkafanoutexporter/kafka_exporter.go:206.16,208.3 1 1
github.com/etaques/orb/sinker/otel/kafkafanoutexporter/kafka_exporter.go:217.140,219.22 2 3
github.com/etaques/orb/sinker/otel/kafkafanoutexporter/kafka_exporter.go:222.2,223.16 2 3
github.com/etaques/orb/sinker/otel/kafkafanoutexporter/kafka_exporter.go:227.2,232.8 1 2
github.com/etaques/orb/sinker/otel/kafkafanoutexporter/kafka_exporter.go:219.22,221.3 1 0
github.com/etaques/orb/sinker/otel/kafkafanoutexporter/kafka_exporter.go:223.16,225.3 1 1
github.com/etaques/orb/sinker/otel/kafkafanoutexporter/marshaler.go:52.52,63.2 5 7
github.com/etaques/orb/sinker/otel/kafkafanoutexporter/marshaler.go:66.54,73.2 3 6
github.com/etaques/orb/sinker/otel/kafkafanoutexporter/marshaler.go:76.48,85.2 4 6
